#
# There is insufficient memory for the Java Runtime Environment to continue.
# Native memory allocation (mmap) failed to map 19922944 bytes. Error detail: G1 virtual space
# Possible reasons:
#   The system is out of physical RAM or swap space
#   This process is running with CompressedOops enabled, and the Java Heap may be blocking the growth of the native heap
# Possible solutions:
#   Reduce memory load on the system
#   Increase physical memory or swap space
#   Check if swap backing store is full
#   Decrease Java heap size (-Xmx/-Xms)
#   Decrease number of Java threads
#   Decrease Java thread stack sizes (-Xss)
#   Set larger code cache with -XX:ReservedCodeCacheSize=
#   JVM is running with Unscaled Compressed Oops mode in which the Java heap is
#     placed in the first 4GB address space. The Java Heap base address is the
#     maximum limit for the native heap growth. Please use -XX:HeapBaseMinAddress
#     to set the Java Heap base and to place the Java Heap above 4GB virtual address.
# This output file may be truncated or incomplete.
#
#  Out of Memory Error (os_windows.cpp:3631), pid=53216, tid=58544
#
# JRE version: Java(TM) SE Runtime Environment (22.0+36) (build 22+36-2370)
# Java VM: Java HotSpot(TM) 64-Bit Server VM (22+36-2370, mixed mode, sharing, tiered, compressed oops, compressed class ptrs, g1 gc, windows-amd64)
# No core dump will be written. Minidumps are not enabled by default on client versions of Windows
#

---------------  S U M M A R Y ------------

Command Line: -Dclassworlds.conf=C:\maven\bin\m2.conf -Dmaven.home=C:\maven -Dlibrary.jansi.path=C:\maven\lib\jansi-native -Dmaven.multiModuleProjectDirectory=C:\Users\Priscila\Documents\UNLa\4to Año\Desarrollo de Software en Sistemas Distribuidos 2do Cuatrimestre 2025\TPNuevo\server\TrabajoPracticoSisDistri\grpc-server org.codehaus.plexus.classworlds.launcher.Launcher clean install

Host: AMD Ryzen 5 5500U with Radeon Graphics         , 12 cores, 5G,  Windows 11 , 64 bit Build 26100 (10.0.26100.5074)
Time: Sat Oct 11 12:23:39 2025 Hora estándar de Argentina elapsed time: 8.247858 seconds (0d 0h 0m 8s)

---------------  T H R E A D  ---------------

Current thread (0x00000289b6a28b10):  VMThread "VM Thread"          [id=58544, stack(0x000000fd7c900000,0x000000fd7ca00000) (1024K)]

Stack: [0x000000fd7c900000,0x000000fd7ca00000]
Native frames: (J=compiled Java code, j=interpreted, Vv=VM code, C=native code)
V  [jvm.dll+0x6e2349]  (no source info available)
V  [jvm.dll+0x874ed3]  (no source info available)
V  [jvm.dll+0x8772fe]  (no source info available)
V  [jvm.dll+0x8779d3]  (no source info available)
V  [jvm.dll+0x27fcb6]  (no source info available)
V  [jvm.dll+0x6de9e5]  (no source info available)
V  [jvm.dll+0x6d34ea]  (no source info available)
V  [jvm.dll+0x35892a]  (no source info available)
V  [jvm.dll+0x360e56]  (no source info available)
V  [jvm.dll+0x3b3d7e]  (no source info available)
V  [jvm.dll+0x3b4028]  (no source info available)
V  [jvm.dll+0x32c4ec]  (no source info available)
V  [jvm.dll+0x32c577]  (no source info available)
V  [jvm.dll+0x3721ec]  (no source info available)
V  [jvm.dll+0x3708e6]  (no source info available)
V  [jvm.dll+0x32bbd7]  (no source info available)
V  [jvm.dll+0x3700a4]  (no source info available)
V  [jvm.dll+0x87d870]  (no source info available)
V  [jvm.dll+0x87ebf7]  (no source info available)
V  [jvm.dll+0x87f170]  (no source info available)
V  [jvm.dll+0x87f413]  (no source info available)
V  [jvm.dll+0x81d50b]  (no source info available)
V  [jvm.dll+0x6e09e5]  (no source info available)
C  [ucrtbase.dll+0x37b0]  (no source info available)
C  [KERNEL32.DLL+0x2e8d7]  (no source info available)
C  [ntdll.dll+0x8d9c]  (no source info available)

VM_Operation (0x000000fd7c2fbdd0): G1CollectForAllocation, mode: safepoint, requested by thread 0x0000028998652e00


---------------  P R O C E S S  ---------------

Threads class SMR info:
_java_thread_list=0x00000289fdf8ffd0, length=86, elements={
0x0000028998652e00, 0x00000289b6a47300, 0x00000289b6a47f60, 0x00000289b6a51560,
0x00000289b6a54330, 0x00000289b6a561d0, 0x00000289b6a57f40, 0x00000289b6a60fe0,
0x00000289b6a63cc0, 0x00000289b6d14f70, 0x00000289b6d24c40, 0x00000289fcc7c3b0,
0x00000289fcdd0e60, 0x00000289fcb3d670, 0x00000289fcb3ed00, 0x00000289fcb3f370,
0x00000289fcb41e30, 0x00000289fcb428b0, 0x00000289fca64a60, 0x00000289fca650f0,
0x00000289fca63d40, 0x00000289fca636b0, 0x00000289fca643d0, 0x00000289fca65780,
0x00000289fca65e10, 0x00000289fca664a0, 0x00000289fca63020, 0x00000289fce4c940,
0x00000289fce4dcf0, 0x00000289fce4af00, 0x00000289fce4b590, 0x00000289fce4bc20,
0x00000289fce4f730, 0x00000289fce4cfd0, 0x00000289fce4d660, 0x00000289fce4e380,
0x00000289fce4c2b0, 0x00000289fce51170, 0x00000289fce50ae0, 0x00000289fce51800,
0x00000289fce51e90, 0x00000289fce50450, 0x00000289fce4ea10, 0x00000289fce4fdc0,
0x00000289fce52520, 0x00000289fce4f0a0, 0x00000289fce6fdf0, 0x00000289fce70b10,
0x00000289fce71ec0, 0x00000289fce72550, 0x00000289fce6f760, 0x00000289fce711a0,
0x00000289fce72be0, 0x00000289fce71830, 0x00000289fce73270, 0x00000289fce70480,
0x00000289fce73900, 0x00000289fce74cb0, 0x00000289fce73f90, 0x00000289fce76d80,
0x00000289fce75340, 0x00000289fce759d0, 0x00000289fce76060, 0x00000289fce766f0,
0x00000289fce74620, 0x00000289fd5dea60, 0x00000289fd5dd6b0, 0x00000289fd5e04a0,
0x00000289fd5df0f0, 0x00000289fd5df780, 0x00000289fd5e0b30, 0x00000289fd5dfe10,
0x00000289fd5e11c0, 0x00000289fd5ddd40, 0x00000289fd5e1850, 0x00000289fd5e4cd0,
0x00000289fd5e1ee0, 0x00000289fd5e2c00, 0x00000289fd5e2570, 0x00000289fd5e3290,
0x00000289fd5e3920, 0x00000289fd5e3fb0, 0x00000289fd5e4640, 0x00000289fcfa9c80,
0x00000289fcfa88d0, 0x00000289fcfa8f60
}

Java Threads: ( => current thread )
  0x0000028998652e00 JavaThread "main"                              [_thread_blocked, id=38376, stack(0x000000fd7c200000,0x000000fd7c300000) (1024K)]
  0x00000289b6a47300 JavaThread "Reference Handler"          daemon [_thread_blocked, id=57884, stack(0x000000fd7ca00000,0x000000fd7cb00000) (1024K)]
  0x00000289b6a47f60 JavaThread "Finalizer"                  daemon [_thread_blocked, id=58740, stack(0x000000fd7cb00000,0x000000fd7cc00000) (1024K)]
  0x00000289b6a51560 JavaThread "Signal Dispatcher"          daemon [_thread_blocked, id=47492, stack(0x000000fd7cc00000,0x000000fd7cd00000) (1024K)]
  0x00000289b6a54330 JavaThread "Attach Listener"            daemon [_thread_blocked, id=54368, stack(0x000000fd7cd00000,0x000000fd7ce00000) (1024K)]
  0x00000289b6a561d0 JavaThread "Service Thread"             daemon [_thread_blocked, id=41836, stack(0x000000fd7ce00000,0x000000fd7cf00000) (1024K)]
  0x00000289b6a57f40 JavaThread "Monitor Deflation Thread"   daemon [_thread_blocked, id=55132, stack(0x000000fd7cf00000,0x000000fd7d000000) (1024K)]
  0x00000289b6a60fe0 JavaThread "C2 CompilerThread0"         daemon [_thread_blocked, id=30204, stack(0x000000fd7d000000,0x000000fd7d100000) (1024K)]
  0x00000289b6a63cc0 JavaThread "C1 CompilerThread0"         daemon [_thread_blocked, id=42916, stack(0x000000fd7d100000,0x000000fd7d200000) (1024K)]
  0x00000289b6d14f70 JavaThread "Notification Thread"        daemon [_thread_blocked, id=56108, stack(0x000000fd7d200000,0x000000fd7d300000) (1024K)]
  0x00000289b6d24c40 JavaThread "Common-Cleaner"             daemon [_thread_blocked, id=25416, stack(0x000000fd7d300000,0x000000fd7d400000) (1024K)]
  0x00000289fcc7c3b0 JavaThread "ForkJoinPool-1-worker-1"    daemon [_thread_blocked, id=56156, stack(0x000000fd7dd00000,0x000000fd7de00000) (1024K)]
  0x00000289fcdd0e60 JavaThread "ForkJoinPool-1-worker-2"    daemon [_thread_blocked, id=54080, stack(0x000000fd7de00000,0x000000fd7df00000) (1024K)]
  0x00000289fcb3d670 JavaThread "ForkJoinPool-1-worker-3"    daemon [_thread_blocked, id=55408, stack(0x000000fd7df00000,0x000000fd7e000000) (1024K)]
  0x00000289fcb3ed00 JavaThread "ForkJoinPool-1-worker-4"    daemon [_thread_blocked, id=51808, stack(0x000000fd7e000000,0x000000fd7e100000) (1024K)]
  0x00000289fcb3f370 JavaThread "ForkJoinPool-1-worker-5"    daemon [_thread_blocked, id=54376, stack(0x000000fd7e100000,0x000000fd7e200000) (1024K)]
  0x00000289fcb41e30 JavaThread "ForkJoinPool-1-worker-6"    daemon [_thread_blocked, id=54340, stack(0x000000fd7e200000,0x000000fd7e300000) (1024K)]
  0x00000289fcb428b0 JavaThread "ForkJoinPool-1-worker-7"    daemon [_thread_blocked, id=56884, stack(0x000000fd7e300000,0x000000fd7e400000) (1024K)]
  0x00000289fca64a60 JavaThread "ForkJoinPool-1-worker-8"    daemon [_thread_blocked, id=54904, stack(0x000000fd7e400000,0x000000fd7e500000) (1024K)]
  0x00000289fca650f0 JavaThread "ForkJoinPool-1-worker-9"    daemon [_thread_blocked, id=412, stack(0x000000fd7e500000,0x000000fd7e600000) (1024K)]
  0x00000289fca63d40 JavaThread "ForkJoinPool-1-worker-10"   daemon [_thread_blocked, id=52140, stack(0x000000fd7e600000,0x000000fd7e700000) (1024K)]
  0x00000289fca636b0 JavaThread "ForkJoinPool-1-worker-11"   daemon [_thread_blocked, id=57856, stack(0x000000fd7e700000,0x000000fd7e800000) (1024K)]
  0x00000289fca643d0 JavaThread "ForkJoinPool-1-worker-12"   daemon [_thread_blocked, id=54212, stack(0x000000fd7e800000,0x000000fd7e900000) (1024K)]
  0x00000289fca65780 JavaThread "ForkJoinPool-1-worker-13"   daemon [_thread_blocked, id=3012, stack(0x000000fd7e900000,0x000000fd7ea00000) (1024K)]
  0x00000289fca65e10 JavaThread "ForkJoinPool-1-worker-14"   daemon [_thread_blocked, id=58440, stack(0x000000fd7ea00000,0x000000fd7eb00000) (1024K)]
  0x00000289fca664a0 JavaThread "ForkJoinPool-1-worker-15"   daemon [_thread_blocked, id=55980, stack(0x000000fd7eb00000,0x000000fd7ec00000) (1024K)]
  0x00000289fca63020 JavaThread "ForkJoinPool-1-worker-16"   daemon [_thread_blocked, id=56748, stack(0x000000fd7ec00000,0x000000fd7ed00000) (1024K)]
  0x00000289fce4c940 JavaThread "ForkJoinPool-1-worker-17"   daemon [_thread_blocked, id=36220, stack(0x000000fd7ed00000,0x000000fd7ee00000) (1024K)]
  0x00000289fce4dcf0 JavaThread "ForkJoinPool-1-worker-18"   daemon [_thread_blocked, id=52936, stack(0x000000fd7ee00000,0x000000fd7ef00000) (1024K)]
  0x00000289fce4af00 JavaThread "ForkJoinPool-1-worker-19"   daemon [_thread_blocked, id=40860, stack(0x000000fd7ef00000,0x000000fd7f000000) (1024K)]
  0x00000289fce4b590 JavaThread "ForkJoinPool-1-worker-20"   daemon [_thread_blocked, id=55036, stack(0x000000fd7f000000,0x000000fd7f100000) (1024K)]
  0x00000289fce4bc20 JavaThread "ForkJoinPool-1-worker-21"   daemon [_thread_blocked, id=58916, stack(0x000000fd7f100000,0x000000fd7f200000) (1024K)]
  0x00000289fce4f730 JavaThread "ForkJoinPool-1-worker-22"   daemon [_thread_blocked, id=20992, stack(0x000000fd7f200000,0x000000fd7f300000) (1024K)]
  0x00000289fce4cfd0 JavaThread "ForkJoinPool-1-worker-23"   daemon [_thread_blocked, id=56084, stack(0x000000fd7f300000,0x000000fd7f400000) (1024K)]
  0x00000289fce4d660 JavaThread "ForkJoinPool-1-worker-25"   daemon [_thread_blocked, id=53060, stack(0x000000fd7f400000,0x000000fd7f500000) (1024K)]
  0x00000289fce4e380 JavaThread "ForkJoinPool-1-worker-24"   daemon [_thread_blocked, id=56336, stack(0x000000fd7f500000,0x000000fd7f600000) (1024K)]
  0x00000289fce4c2b0 JavaThread "ForkJoinPool-1-worker-26"   daemon [_thread_blocked, id=55420, stack(0x000000fd7f600000,0x000000fd7f700000) (1024K)]
  0x00000289fce51170 JavaThread "ForkJoinPool-1-worker-27"   daemon [_thread_blocked, id=53404, stack(0x000000fd7f700000,0x000000fd7f800000) (1024K)]
  0x00000289fce50ae0 JavaThread "ForkJoinPool-1-worker-28"   daemon [_thread_blocked, id=5896, stack(0x000000fd7f800000,0x000000fd7f900000) (1024K)]
  0x00000289fce51800 JavaThread "ForkJoinPool-1-worker-29"   daemon [_thread_blocked, id=22336, stack(0x000000fd7f900000,0x000000fd7fa00000) (1024K)]
  0x00000289fce51e90 JavaThread "ForkJoinPool-1-worker-30"   daemon [_thread_blocked, id=52644, stack(0x000000fd7fa00000,0x000000fd7fb00000) (1024K)]
  0x00000289fce50450 JavaThread "ForkJoinPool-1-worker-31"   daemon [_thread_blocked, id=54824, stack(0x000000fd7fb00000,0x000000fd7fc00000) (1024K)]
  0x00000289fce4ea10 JavaThread "ForkJoinPool-1-worker-32"   daemon [_thread_blocked, id=42200, stack(0x000000fd7fc00000,0x000000fd7fd00000) (1024K)]
  0x00000289fce4fdc0 JavaThread "ForkJoinPool-1-worker-33"   daemon [_thread_blocked, id=57684, stack(0x000000fd7fd00000,0x000000fd7fe00000) (1024K)]
  0x00000289fce52520 JavaThread "ForkJoinPool-1-worker-34"   daemon [_thread_blocked, id=58088, stack(0x000000fd7fe00000,0x000000fd7ff00000) (1024K)]
  0x00000289fce4f0a0 JavaThread "ForkJoinPool-1-worker-35"   daemon [_thread_blocked, id=55460, stack(0x000000fd7ff00000,0x000000fd80000000) (1024K)]
  0x00000289fce6fdf0 JavaThread "ForkJoinPool-1-worker-36"   daemon [_thread_blocked, id=59060, stack(0x000000fd00000000,0x000000fd00100000) (1024K)]
  0x00000289fce70b10 JavaThread "ForkJoinPool-1-worker-37"   daemon [_thread_blocked, id=59236, stack(0x000000fd00100000,0x000000fd00200000) (1024K)]
  0x00000289fce71ec0 JavaThread "ForkJoinPool-1-worker-38"   daemon [_thread_blocked, id=43452, stack(0x000000fd00200000,0x000000fd00300000) (1024K)]
  0x00000289fce72550 JavaThread "ForkJoinPool-1-worker-39"   daemon [_thread_blocked, id=56132, stack(0x000000fd00300000,0x000000fd00400000) (1024K)]
  0x00000289fce6f760 JavaThread "ForkJoinPool-1-worker-40"   daemon [_thread_blocked, id=50364, stack(0x000000fd00400000,0x000000fd00500000) (1024K)]
  0x00000289fce711a0 JavaThread "ForkJoinPool-1-worker-41"   daemon [_thread_blocked, id=31576, stack(0x000000fd00500000,0x000000fd00600000) (1024K)]
  0x00000289fce72be0 JavaThread "ForkJoinPool-1-worker-43"   daemon [_thread_blocked, id=59056, stack(0x000000fd00600000,0x000000fd00700000) (1024K)]
  0x00000289fce71830 JavaThread "ForkJoinPool-1-worker-42"   daemon [_thread_blocked, id=55464, stack(0x000000fd00700000,0x000000fd00800000) (1024K)]
  0x00000289fce73270 JavaThread "ForkJoinPool-1-worker-44"   daemon [_thread_blocked, id=56168, stack(0x000000fd00800000,0x000000fd00900000) (1024K)]
  0x00000289fce70480 JavaThread "ForkJoinPool-1-worker-45"   daemon [_thread_blocked, id=49656, stack(0x000000fd00900000,0x000000fd00a00000) (1024K)]
  0x00000289fce73900 JavaThread "ForkJoinPool-1-worker-47"   daemon [_thread_blocked, id=25700, stack(0x000000fd00a00000,0x000000fd00b00000) (1024K)]
  0x00000289fce74cb0 JavaThread "ForkJoinPool-1-worker-46"   daemon [_thread_blocked, id=54888, stack(0x000000fd00b00000,0x000000fd00c00000) (1024K)]
  0x00000289fce73f90 JavaThread "ForkJoinPool-1-worker-49"   daemon [_thread_blocked, id=57448, stack(0x000000fd00c00000,0x000000fd00d00000) (1024K)]
  0x00000289fce76d80 JavaThread "ForkJoinPool-1-worker-48"   daemon [_thread_blocked, id=10752, stack(0x000000fd00d00000,0x000000fd00e00000) (1024K)]
  0x00000289fce75340 JavaThread "ForkJoinPool-1-worker-50"   daemon [_thread_blocked, id=54188, stack(0x000000fd00e00000,0x000000fd00f00000) (1024K)]
  0x00000289fce759d0 JavaThread "ForkJoinPool-1-worker-51"   daemon [_thread_blocked, id=57504, stack(0x000000fd00f00000,0x000000fd01000000) (1024K)]
  0x00000289fce76060 JavaThread "ForkJoinPool-1-worker-52"   daemon [_thread_blocked, id=55268, stack(0x000000fd01000000,0x000000fd01100000) (1024K)]
  0x00000289fce766f0 JavaThread "ForkJoinPool-1-worker-53"   daemon [_thread_blocked, id=52612, stack(0x000000fd01100000,0x000000fd01200000) (1024K)]
  0x00000289fce74620 JavaThread "ForkJoinPool-1-worker-54"   daemon [_thread_blocked, id=58060, stack(0x000000fd01200000,0x000000fd01300000) (1024K)]
  0x00000289fd5dea60 JavaThread "ForkJoinPool-1-worker-55"   daemon [_thread_blocked, id=54676, stack(0x000000fd01300000,0x000000fd01400000) (1024K)]
  0x00000289fd5dd6b0 JavaThread "ForkJoinPool-1-worker-56"   daemon [_thread_blocked, id=56856, stack(0x000000fd01400000,0x000000fd01500000) (1024K)]
  0x00000289fd5e04a0 JavaThread "ForkJoinPool-1-worker-57"   daemon [_thread_blocked, id=58152, stack(0x000000fd01500000,0x000000fd01600000) (1024K)]
  0x00000289fd5df0f0 JavaThread "ForkJoinPool-1-worker-58"   daemon [_thread_blocked, id=55644, stack(0x000000fd01600000,0x000000fd01700000) (1024K)]
  0x00000289fd5df780 JavaThread "ForkJoinPool-1-worker-59"   daemon [_thread_blocked, id=54896, stack(0x000000fd01700000,0x000000fd01800000) (1024K)]
  0x00000289fd5e0b30 JavaThread "ForkJoinPool-1-worker-61"   daemon [_thread_blocked, id=11532, stack(0x000000fd01800000,0x000000fd01900000) (1024K)]
  0x00000289fd5dfe10 JavaThread "ForkJoinPool-1-worker-60"   daemon [_thread_blocked, id=55364, stack(0x000000fd01900000,0x000000fd01a00000) (1024K)]
  0x00000289fd5e11c0 JavaThread "ForkJoinPool-1-worker-62"   daemon [_thread_blocked, id=56208, stack(0x000000fd01a00000,0x000000fd01b00000) (1024K)]
  0x00000289fd5ddd40 JavaThread "ForkJoinPool-1-worker-63"   daemon [_thread_blocked, id=56024, stack(0x000000fd01b00000,0x000000fd01c00000) (1024K)]
  0x00000289fd5e1850 JavaThread "ForkJoinPool-1-worker-64"   daemon [_thread_blocked, id=35228, stack(0x000000fd01c00000,0x000000fd01d00000) (1024K)]
  0x00000289fd5e4cd0 JavaThread "ForkJoinPool-1-worker-66"   daemon [_thread_blocked, id=53016, stack(0x000000fd01e00000,0x000000fd01f00000) (1024K)]
  0x00000289fd5e1ee0 JavaThread "ForkJoinPool-1-worker-67"   daemon [_thread_blocked, id=55684, stack(0x000000fd01f00000,0x000000fd02000000) (1024K)]
  0x00000289fd5e2c00 JavaThread "ForkJoinPool-1-worker-68"   daemon [_thread_blocked, id=52456, stack(0x000000fd02000000,0x000000fd02100000) (1024K)]
  0x00000289fd5e2570 JavaThread "ForkJoinPool-1-worker-69"   daemon [_thread_blocked, id=49768, stack(0x000000fd02100000,0x000000fd02200000) (1024K)]
  0x00000289fd5e3290 JavaThread "ForkJoinPool-1-worker-70"   daemon [_thread_blocked, id=58092, stack(0x000000fd02200000,0x000000fd02300000) (1024K)]
  0x00000289fd5e3920 JavaThread "ForkJoinPool-1-worker-71"   daemon [_thread_blocked, id=57800, stack(0x000000fd02300000,0x000000fd02400000) (1024K)]
  0x00000289fd5e3fb0 JavaThread "ForkJoinPool-1-worker-72"   daemon [_thread_blocked, id=58804, stack(0x000000fd02400000,0x000000fd02500000) (1024K)]
  0x00000289fd5e4640 JavaThread "ForkJoinPool-1-worker-73"   daemon [_thread_blocked, id=33764, stack(0x000000fd02500000,0x000000fd02600000) (1024K)]
  0x00000289fcfa9c80 JavaThread "ForkJoinPool-1-worker-74"   daemon [_thread_blocked, id=57352, stack(0x000000fd02600000,0x000000fd02700000) (1024K)]
  0x00000289fcfa88d0 JavaThread "ForkJoinPool-1-worker-76"   daemon [_thread_blocked, id=31684, stack(0x000000fd02700000,0x000000fd02800000) (1024K)]
  0x00000289fcfa8f60 JavaThread "ForkJoinPool-1-worker-75"   daemon [_thread_blocked, id=44900, stack(0x000000fd02800000,0x000000fd02900000) (1024K)]
Total: 86

Other Threads:
=>0x00000289b6a28b10 VMThread "VM Thread"                           [id=58544, stack(0x000000fd7c900000,0x000000fd7ca00000) (1024K)]
  0x00000289b6a0d230 WatcherThread "VM Periodic Task Thread"        [id=15900, stack(0x000000fd7c800000,0x000000fd7c900000) (1024K)]
  0x00000289988c2100 WorkerThread "GC Thread#0"                     [id=54484, stack(0x000000fd7c300000,0x000000fd7c400000) (1024K)]
  0x00000289fc6383c0 WorkerThread "GC Thread#1"                     [id=54088, stack(0x000000fd7d400000,0x000000fd7d500000) (1024K)]
  0x00000289fc7fc110 WorkerThread "GC Thread#2"                     [id=52584, stack(0x000000fd7d500000,0x000000fd7d600000) (1024K)]
  0x00000289fc7fcd40 WorkerThread "GC Thread#3"                     [id=40736, stack(0x000000fd7d600000,0x000000fd7d700000) (1024K)]
  0x00000289fc7fe990 WorkerThread "GC Thread#4"                     [id=54284, stack(0x000000fd7d700000,0x000000fd7d800000) (1024K)]
  0x00000289fc6848c0 WorkerThread "GC Thread#5"                     [id=51704, stack(0x000000fd7d800000,0x000000fd7d900000) (1024K)]
  0x00000289fc685880 WorkerThread "GC Thread#6"                     [id=56248, stack(0x000000fd7d900000,0x000000fd7da00000) (1024K)]
  0x00000289fc685c30 WorkerThread "GC Thread#7"                     [id=57044, stack(0x000000fd7da00000,0x000000fd7db00000) (1024K)]
  0x00000289fc97f7d0 WorkerThread "GC Thread#8"                     [id=57328, stack(0x000000fd7db00000,0x000000fd7dc00000) (1024K)]
  0x00000289fc936780 WorkerThread "GC Thread#9"                     [id=54448, stack(0x000000fd7dc00000,0x000000fd7dd00000) (1024K)]
  0x00000289988d02d0 ConcurrentGCThread "G1 Main Marker"            [id=58584, stack(0x000000fd7c400000,0x000000fd7c500000) (1024K)]
  0x00000289988d0de0 WorkerThread "G1 Conc#0"                       [id=59212, stack(0x000000fd7c500000,0x000000fd7c600000) (1024K)]
  0x00000289b68e10b0 ConcurrentGCThread "G1 Refine#0"               [id=53696, stack(0x000000fd7c600000,0x000000fd7c700000) (1024K)]
  0x00000289b68e1c30 ConcurrentGCThread "G1 Service"                [id=32560, stack(0x000000fd7c700000,0x000000fd7c800000) (1024K)]
Total: 16

Threads with active compile tasks:
C2 CompilerThread0  8352 5075 %     4       sun.nio.cs.UTF_8$Decoder::decodeArrayLoop @ 103 (688 bytes)
Total: 1

VM state: at safepoint (normal execution)

VM Mutex/Monitor currently owned by a thread:  ([mutex/lock_event])
[0x00007ffdd128cbc8] Threads_lock - owner thread: 0x00000289b6a28b10
[0x00007ffdd128ccc8] Heap_lock - owner thread: 0x0000028998652e00

Heap address: 0x00000000a2200000, size: 1502 MB, Compressed Oops mode: 32-bit

CDS archive(s) mapped at: [0x00000289b7000000-0x00000289b7c60000-0x00000289b7c60000), size 12976128, SharedBaseAddress: 0x00000289b7000000, ArchiveRelocationMode: 1.
Compressed class space mapped at: 0x00000289b8000000-0x00000289f8000000, reserved size: 1073741824
Narrow klass base: 0x00000289b7000000, Narrow klass shift: 0, Narrow klass range: 0x41000000

GC Precious Log:
 CardTable entry size: 512
 Card Set container configuration: InlinePtr #cards 5 size 8 Array Of Cards #cards 12 size 40 Howl #buckets 4 coarsen threshold 1843 Howl Bitmap #cards 512 size 80 coarsen threshold 460 Card regions per heap region 1 cards per card region 2048
 CPUs: 12 total, 12 available
 Memory: 6005M
 Large Page Support: Disabled
 NUMA Support: Disabled
 Compressed Oops: Enabled (32-bit)
 Heap Region Size: 1M
 Heap Min Capacity: 8M
 Heap Initial Capacity: 94M
 Heap Max Capacity: 1502M
 Pre-touch: Disabled
 Parallel Workers: 10
 Concurrent Workers: 3
 Concurrent Refinement Workers: 10
 Periodic GC: Disabled

Heap:
 garbage-first heap   total reserved 1538048K, committed 96256K, used 24150K [0x00000000a2200000, 0x0000000100000000)
  region size 1024K, 3 young (3072K), 3 survivors (3072K)
 Metaspace       used 17698K, committed 18176K, reserved 1114112K
  class space    used 2089K, committed 2304K, reserved 1048576K

Heap Regions: E=young(eden), S=young(survivor), O=old, HS=humongous(starts), HC=humongous(continues), CS=collection set, F=free, TAMS=top-at-mark-start, PB=parsable bottom
|   0|0x00000000a2200000, 0x00000000a2300000, 0x00000000a2300000|100%| O|  |TAMS 0x00000000a2200000| PB 0x00000000a2200000| Untracked |  0
|   1|0x00000000a2300000, 0x00000000a2400000, 0x00000000a2400000|100%| O|  |TAMS 0x00000000a2300000| PB 0x00000000a2300000| Untracked |  0
|   2|0x00000000a2400000, 0x00000000a2500000, 0x00000000a2500000|100%| O|  |TAMS 0x00000000a2400000| PB 0x00000000a2400000| Untracked |  0
|   3|0x00000000a2500000, 0x00000000a2600000, 0x00000000a2600000|100%| O|  |TAMS 0x00000000a2500000| PB 0x00000000a2500000| Untracked |  0
|   4|0x00000000a2600000, 0x00000000a2700000, 0x00000000a2700000|100%| O|  |TAMS 0x00000000a2600000| PB 0x00000000a2600000| Untracked |  0
|   5|0x00000000a2700000, 0x00000000a2800000, 0x00000000a2800000|100%| O|  |TAMS 0x00000000a2700000| PB 0x00000000a2700000| Untracked |  0
|   6|0x00000000a2800000, 0x00000000a2900000, 0x00000000a2900000|100%| O|  |TAMS 0x00000000a2800000| PB 0x00000000a2800000| Untracked |  0
|   7|0x00000000a2900000, 0x00000000a2a00000, 0x00000000a2a00000|100%| O|  |TAMS 0x00000000a2900000| PB 0x00000000a2900000| Untracked |  0
|   8|0x00000000a2a00000, 0x00000000a2b00000, 0x00000000a2b00000|100%| O|  |TAMS 0x00000000a2a00000| PB 0x00000000a2a00000| Untracked |  0
|   9|0x00000000a2b00000, 0x00000000a2c00000, 0x00000000a2c00000|100%| O|  |TAMS 0x00000000a2b00000| PB 0x00000000a2b00000| Untracked |  0
|  10|0x00000000a2c00000, 0x00000000a2d00000, 0x00000000a2d00000|100%| O|  |TAMS 0x00000000a2c00000| PB 0x00000000a2c00000| Untracked |  0
|  11|0x00000000a2d00000, 0x00000000a2e00000, 0x00000000a2e00000|100%| O|  |TAMS 0x00000000a2d00000| PB 0x00000000a2d00000| Untracked |  0
|  12|0x00000000a2e00000, 0x00000000a2f00000, 0x00000000a2f00000|100%| O|  |TAMS 0x00000000a2e00000| PB 0x00000000a2e00000| Untracked |  0
|  13|0x00000000a2f00000, 0x00000000a3000000, 0x00000000a3000000|100%|HS|  |TAMS 0x00000000a2f00000| PB 0x00000000a2f00000| Complete |  0
|  14|0x00000000a3000000, 0x00000000a3100000, 0x00000000a3100000|100%| O|  |TAMS 0x00000000a3000000| PB 0x00000000a3000000| Untracked |  0
|  15|0x00000000a3100000, 0x00000000a3200000, 0x00000000a3200000|100%| O|  |TAMS 0x00000000a3100000| PB 0x00000000a3100000| Untracked |  0
|  16|0x00000000a3200000, 0x00000000a3300000, 0x00000000a3300000|100%| O|  |TAMS 0x00000000a3200000| PB 0x00000000a3200000| Untracked |  0
|  17|0x00000000a3300000, 0x00000000a3400000, 0x00000000a3400000|100%| O|  |TAMS 0x00000000a3300000| PB 0x00000000a3300000| Untracked |  0
|  18|0x00000000a3400000, 0x00000000a3500000, 0x00000000a3500000|100%| O|  |TAMS 0x00000000a3400000| PB 0x00000000a3400000| Untracked |  0
|  19|0x00000000a3500000, 0x00000000a3600000, 0x00000000a3600000|100%| O|  |TAMS 0x00000000a3500000| PB 0x00000000a3500000| Untracked |  0
|  20|0x00000000a3600000, 0x00000000a3700000, 0x00000000a3700000|100%| O|  |TAMS 0x00000000a3600000| PB 0x00000000a3600000| Untracked |  0
|  21|0x00000000a3700000, 0x00000000a3700000, 0x00000000a3800000|  0%| F|  |TAMS 0x00000000a3700000| PB 0x00000000a3700000| Untracked |  0
|  22|0x00000000a3800000, 0x00000000a3800000, 0x00000000a3900000|  0%| F|  |TAMS 0x00000000a3800000| PB 0x00000000a3800000| Untracked |  0
|  23|0x00000000a3900000, 0x00000000a3900000, 0x00000000a3a00000|  0%| F|  |TAMS 0x00000000a3900000| PB 0x00000000a3900000| Untracked |  0
|  24|0x00000000a3a00000, 0x00000000a3a00000, 0x00000000a3b00000|  0%| F|  |TAMS 0x00000000a3a00000| PB 0x00000000a3a00000| Untracked |  0
|  25|0x00000000a3b00000, 0x00000000a3b00000, 0x00000000a3c00000|  0%| F|  |TAMS 0x00000000a3b00000| PB 0x00000000a3b00000| Untracked |  0
|  26|0x00000000a3c00000, 0x00000000a3c00000, 0x00000000a3d00000|  0%| F|  |TAMS 0x00000000a3c00000| PB 0x00000000a3c00000| Untracked |  0
|  27|0x00000000a3d00000, 0x00000000a3d00000, 0x00000000a3e00000|  0%| F|  |TAMS 0x00000000a3d00000| PB 0x00000000a3d00000| Untracked |  0
|  28|0x00000000a3e00000, 0x00000000a3e00000, 0x00000000a3f00000|  0%| F|  |TAMS 0x00000000a3e00000| PB 0x00000000a3e00000| Untracked |  0
|  29|0x00000000a3f00000, 0x00000000a3f00000, 0x00000000a4000000|  0%| F|  |TAMS 0x00000000a3f00000| PB 0x00000000a3f00000| Untracked |  0
|  30|0x00000000a4000000, 0x00000000a4000000, 0x00000000a4100000|  0%| F|  |TAMS 0x00000000a4000000| PB 0x00000000a4000000| Untracked |  0
|  31|0x00000000a4100000, 0x00000000a4100000, 0x00000000a4200000|  0%| F|  |TAMS 0x00000000a4100000| PB 0x00000000a4100000| Untracked |  0
|  32|0x00000000a4200000, 0x00000000a4200000, 0x00000000a4300000|  0%| F|  |TAMS 0x00000000a4200000| PB 0x00000000a4200000| Untracked |  0
|  33|0x00000000a4300000, 0x00000000a4300000, 0x00000000a4400000|  0%| F|  |TAMS 0x00000000a4300000| PB 0x00000000a4300000| Untracked |  0
|  34|0x00000000a4400000, 0x00000000a4400000, 0x00000000a4500000|  0%| F|  |TAMS 0x00000000a4400000| PB 0x00000000a4400000| Untracked |  0
|  35|0x00000000a4500000, 0x00000000a4500000, 0x00000000a4600000|  0%| F|  |TAMS 0x00000000a4500000| PB 0x00000000a4500000| Untracked |  0
|  36|0x00000000a4600000, 0x00000000a4600000, 0x00000000a4700000|  0%| F|  |TAMS 0x00000000a4600000| PB 0x00000000a4600000| Untracked |  0
|  37|0x00000000a4700000, 0x00000000a4700000, 0x00000000a4800000|  0%| F|  |TAMS 0x00000000a4700000| PB 0x00000000a4700000| Untracked |  0
|  38|0x00000000a4800000, 0x00000000a4800000, 0x00000000a4900000|  0%| F|  |TAMS 0x00000000a4800000| PB 0x00000000a4800000| Untracked |  0
|  39|0x00000000a4900000, 0x00000000a4900000, 0x00000000a4a00000|  0%| F|  |TAMS 0x00000000a4900000| PB 0x00000000a4900000| Untracked |  0
|  40|0x00000000a4a00000, 0x00000000a4a95b68, 0x00000000a4b00000| 58%| S|CS|TAMS 0x00000000a4a00000| PB 0x00000000a4a00000| Complete |  0
|  41|0x00000000a4b00000, 0x00000000a4c00000, 0x00000000a4c00000|100%| S|CS|TAMS 0x00000000a4b00000| PB 0x00000000a4b00000| Complete |  0
|  42|0x00000000a4c00000, 0x00000000a4d00000, 0x00000000a4d00000|100%| S|CS|TAMS 0x00000000a4c00000| PB 0x00000000a4c00000| Complete |  0
|  43|0x00000000a4d00000, 0x00000000a4d00000, 0x00000000a4e00000|  0%| F|  |TAMS 0x00000000a4d00000| PB 0x00000000a4d00000| Untracked |  0
|  44|0x00000000a4e00000, 0x00000000a4e00000, 0x00000000a4f00000|  0%| F|  |TAMS 0x00000000a4e00000| PB 0x00000000a4e00000| Untracked |  0
|  45|0x00000000a4f00000, 0x00000000a4f00000, 0x00000000a5000000|  0%| F|  |TAMS 0x00000000a4f00000| PB 0x00000000a4f00000| Untracked |  0
|  46|0x00000000a5000000, 0x00000000a5000000, 0x00000000a5100000|  0%| F|  |TAMS 0x00000000a5000000| PB 0x00000000a5000000| Untracked |  0
|  47|0x00000000a5100000, 0x00000000a5100000, 0x00000000a5200000|  0%| F|  |TAMS 0x00000000a5100000| PB 0x00000000a5100000| Untracked |  0
|  48|0x00000000a5200000, 0x00000000a5200000, 0x00000000a5300000|  0%| F|  |TAMS 0x00000000a5200000| PB 0x00000000a5200000| Untracked |  0
|  49|0x00000000a5300000, 0x00000000a5300000, 0x00000000a5400000|  0%| F|  |TAMS 0x00000000a5300000| PB 0x00000000a5300000| Untracked |  0
|  50|0x00000000a5400000, 0x00000000a5400000, 0x00000000a5500000|  0%| F|  |TAMS 0x00000000a5400000| PB 0x00000000a5400000| Untracked |  0
|  51|0x00000000a5500000, 0x00000000a5500000, 0x00000000a5600000|  0%| F|  |TAMS 0x00000000a5500000| PB 0x00000000a5500000| Untracked |  0
|  52|0x00000000a5600000, 0x00000000a5600000, 0x00000000a5700000|  0%| F|  |TAMS 0x00000000a5600000| PB 0x00000000a5600000| Untracked |  0
|  53|0x00000000a5700000, 0x00000000a5700000, 0x00000000a5800000|  0%| F|  |TAMS 0x00000000a5700000| PB 0x00000000a5700000| Untracked |  0
|  54|0x00000000a5800000, 0x00000000a5800000, 0x00000000a5900000|  0%| F|  |TAMS 0x00000000a5800000| PB 0x00000000a5800000| Untracked |  0
|  55|0x00000000a5900000, 0x00000000a5900000, 0x00000000a5a00000|  0%| F|  |TAMS 0x00000000a5900000| PB 0x00000000a5900000| Untracked |  0
|  56|0x00000000a5a00000, 0x00000000a5a00000, 0x00000000a5b00000|  0%| F|  |TAMS 0x00000000a5a00000| PB 0x00000000a5a00000| Untracked |  0
|  57|0x00000000a5b00000, 0x00000000a5b00000, 0x00000000a5c00000|  0%| F|  |TAMS 0x00000000a5b00000| PB 0x00000000a5b00000| Untracked |  0
|  58|0x00000000a5c00000, 0x00000000a5c00000, 0x00000000a5d00000|  0%| F|  |TAMS 0x00000000a5c00000| PB 0x00000000a5c00000| Untracked |  0
|  59|0x00000000a5d00000, 0x00000000a5d00000, 0x00000000a5e00000|  0%| F|  |TAMS 0x00000000a5d00000| PB 0x00000000a5d00000| Untracked |  0
|  60|0x00000000a5e00000, 0x00000000a5e00000, 0x00000000a5f00000|  0%| F|  |TAMS 0x00000000a5e00000| PB 0x00000000a5e00000| Untracked |  0
|  61|0x00000000a5f00000, 0x00000000a5f00000, 0x00000000a6000000|  0%| F|  |TAMS 0x00000000a5f00000| PB 0x00000000a5f00000| Untracked |  0
|  62|0x00000000a6000000, 0x00000000a6000000, 0x00000000a6100000|  0%| F|  |TAMS 0x00000000a6000000| PB 0x00000000a6000000| Untracked |  0
|  63|0x00000000a6100000, 0x00000000a6100000, 0x00000000a6200000|  0%| F|  |TAMS 0x00000000a6100000| PB 0x00000000a6100000| Untracked |  0
|  64|0x00000000a6200000, 0x00000000a6200000, 0x00000000a6300000|  0%| F|  |TAMS 0x00000000a6200000| PB 0x00000000a6200000| Untracked |  0
|  65|0x00000000a6300000, 0x00000000a6300000, 0x00000000a6400000|  0%| F|  |TAMS 0x00000000a6300000| PB 0x00000000a6300000| Untracked |  0
|  66|0x00000000a6400000, 0x00000000a6400000, 0x00000000a6500000|  0%| F|  |TAMS 0x00000000a6400000| PB 0x00000000a6400000| Untracked |  0
|  67|0x00000000a6500000, 0x00000000a6500000, 0x00000000a6600000|  0%| F|  |TAMS 0x00000000a6500000| PB 0x00000000a6500000| Untracked |  0
|  68|0x00000000a6600000, 0x00000000a6600000, 0x00000000a6700000|  0%| F|  |TAMS 0x00000000a6600000| PB 0x00000000a6600000| Untracked |  0
|  69|0x00000000a6700000, 0x00000000a6700000, 0x00000000a6800000|  0%| F|  |TAMS 0x00000000a6700000| PB 0x00000000a6700000| Untracked |  0
|  70|0x00000000a6800000, 0x00000000a6800000, 0x00000000a6900000|  0%| F|  |TAMS 0x00000000a6800000| PB 0x00000000a6800000| Untracked |  0
|  71|0x00000000a6900000, 0x00000000a6900000, 0x00000000a6a00000|  0%| F|  |TAMS 0x00000000a6900000| PB 0x00000000a6900000| Untracked |  0
|  72|0x00000000a6a00000, 0x00000000a6a00000, 0x00000000a6b00000|  0%| F|  |TAMS 0x00000000a6a00000| PB 0x00000000a6a00000| Untracked |  0
|  73|0x00000000a6b00000, 0x00000000a6b00000, 0x00000000a6c00000|  0%| F|  |TAMS 0x00000000a6b00000| PB 0x00000000a6b00000| Untracked |  0
|  74|0x00000000a6c00000, 0x00000000a6c00000, 0x00000000a6d00000|  0%| F|  |TAMS 0x00000000a6c00000| PB 0x00000000a6c00000| Untracked |  0
|  75|0x00000000a6d00000, 0x00000000a6d00000, 0x00000000a6e00000|  0%| F|  |TAMS 0x00000000a6d00000| PB 0x00000000a6d00000| Untracked |  0
|  76|0x00000000a6e00000, 0x00000000a6e00000, 0x00000000a6f00000|  0%| F|  |TAMS 0x00000000a6e00000| PB 0x00000000a6e00000| Untracked |  0
|  77|0x00000000a6f00000, 0x00000000a6f00000, 0x00000000a7000000|  0%| F|  |TAMS 0x00000000a6f00000| PB 0x00000000a6f00000| Untracked |  0
|  78|0x00000000a7000000, 0x00000000a7000000, 0x00000000a7100000|  0%| F|  |TAMS 0x00000000a7000000| PB 0x00000000a7000000| Untracked |  0
|  79|0x00000000a7100000, 0x00000000a7100000, 0x00000000a7200000|  0%| F|  |TAMS 0x00000000a7100000| PB 0x00000000a7100000| Untracked |  0
|  80|0x00000000a7200000, 0x00000000a7200000, 0x00000000a7300000|  0%| F|  |TAMS 0x00000000a7200000| PB 0x00000000a7200000| Untracked |  0
|  81|0x00000000a7300000, 0x00000000a7300000, 0x00000000a7400000|  0%| F|  |TAMS 0x00000000a7300000| PB 0x00000000a7300000| Untracked |  0
|  82|0x00000000a7400000, 0x00000000a7400000, 0x00000000a7500000|  0%| F|  |TAMS 0x00000000a7400000| PB 0x00000000a7400000| Untracked |  0
|  83|0x00000000a7500000, 0x00000000a7500000, 0x00000000a7600000|  0%| F|  |TAMS 0x00000000a7500000| PB 0x00000000a7500000| Untracked |  0
|  84|0x00000000a7600000, 0x00000000a7600000, 0x00000000a7700000|  0%| F|  |TAMS 0x00000000a7600000| PB 0x00000000a7600000| Untracked |  0
|  85|0x00000000a7700000, 0x00000000a7700000, 0x00000000a7800000|  0%| F|  |TAMS 0x00000000a7700000| PB 0x00000000a7700000| Untracked |  0
|  86|0x00000000a7800000, 0x00000000a7800000, 0x00000000a7900000|  0%| F|  |TAMS 0x00000000a7800000| PB 0x00000000a7800000| Untracked |  0
|  87|0x00000000a7900000, 0x00000000a7900000, 0x00000000a7a00000|  0%| F|  |TAMS 0x00000000a7900000| PB 0x00000000a7900000| Untracked |  0
|  88|0x00000000a7a00000, 0x00000000a7a00000, 0x00000000a7b00000|  0%| F|  |TAMS 0x00000000a7a00000| PB 0x00000000a7a00000| Untracked |  0
|  89|0x00000000a7b00000, 0x00000000a7b00000, 0x00000000a7c00000|  0%| F|  |TAMS 0x00000000a7b00000| PB 0x00000000a7b00000| Untracked |  0
|  90|0x00000000a7c00000, 0x00000000a7c00000, 0x00000000a7d00000|  0%| F|  |TAMS 0x00000000a7c00000| PB 0x00000000a7c00000| Untracked |  0
|  91|0x00000000a7d00000, 0x00000000a7d00000, 0x00000000a7e00000|  0%| F|  |TAMS 0x00000000a7d00000| PB 0x00000000a7d00000| Untracked |  0
|  92|0x00000000a7e00000, 0x00000000a7e00000, 0x00000000a7f00000|  0%| F|  |TAMS 0x00000000a7e00000| PB 0x00000000a7e00000| Untracked |  0
|  93|0x00000000a7f00000, 0x00000000a7f00000, 0x00000000a8000000|  0%| F|  |TAMS 0x00000000a7f00000| PB 0x00000000a7f00000| Untracked |  0

Card table byte_map: [0x00000289b2340000,0x00000289b2630000] _byte_map_base: 0x00000289b1e2f000

Marking Bits: (CMBitMap*) 0x00000289988c2810
 Bits: [0x00000289b2630000, 0x00000289b3da8000)

Polling page: 0x0000028998940000

Metaspace:

Usage:
  Non-class:     15.24 MB used.
      Class:      2.04 MB used.
       Both:     17.28 MB used.

Virtual space:
  Non-class space:       64.00 MB reserved,      15.50 MB ( 24%) committed,  1 nodes.
      Class space:        1.00 GB reserved,       2.25 MB ( <1%) committed,  1 nodes.
             Both:        1.06 GB reserved,      17.75 MB (  2%) committed. 

Chunk freelists:
   Non-Class:  288.00 KB
       Class:  13.73 MB
        Both:  14.01 MB

MaxMetaspaceSize: unlimited
CompressedClassSpaceSize: 1.00 GB
Initial GC threshold: 21.00 MB
Current GC threshold: 21.00 MB
CDS: on
 - commit_granule_bytes: 65536.
 - commit_granule_words: 8192.
 - virtual_space_node_default_size: 8388608.
 - enlarge_chunks_in_place: 1.
 - use_allocation_guard: 0.


Internal statistics:

num_allocs_failed_limit: 0.
num_arena_births: 538.
num_arena_deaths: 0.
num_vsnodes_births: 2.
num_vsnodes_deaths: 0.
num_space_committed: 284.
num_space_uncommitted: 0.
num_chunks_returned_to_freelist: 0.
num_chunks_taken_from_freelist: 1129.
num_chunk_merges: 0.
num_chunk_splits: 769.
num_chunks_enlarged: 534.
num_inconsistent_stats: 0.

CodeHeap 'non-profiled nmethods': size=120000Kb used=2428Kb max_used=2428Kb free=117571Kb
 bounds [0x00000289a9e60000, 0x00000289aa0d0000, 0x00000289b1390000]
CodeHeap 'profiled nmethods': size=120000Kb used=10133Kb max_used=10133Kb free=109866Kb
 bounds [0x00000289a2390000, 0x00000289a2d80000, 0x00000289a98c0000]
CodeHeap 'non-nmethods': size=5760Kb used=1452Kb max_used=1486Kb free=4307Kb
 bounds [0x00000289a98c0000, 0x00000289a9b30000, 0x00000289a9e60000]
 total_blobs=5609 nmethods=5072 adapters=441
 compilation: enabled
              stopped_count=0, restarted_count=0
 full_count=0

Compilation events (20 events):
Event: 6.207 Thread 0x00000289b6a63cc0 5073       3       org.apache.maven.model.interpolation.StringVisitorModelInterpolator$ModelVisitor::visit (42 bytes)
Event: 6.207 Thread 0x00000289b6a63cc0 nmethod 5073 0x00000289a2d70b10 code [0x00000289a2d70d40, 0x00000289a2d71668]
Event: 6.208 Thread 0x00000289b6a60fe0 nmethod 5064 0x00000289aa0bc910 code [0x00000289aa0bcb00, 0x00000289aa0bd248]
Event: 6.208 Thread 0x00000289b6a60fe0 5065       4       java.util.Collections$UnmodifiableMap$UnmodifiableEntrySet$UnmodifiableEntry::getKey (10 bytes)
Event: 6.209 Thread 0x00000289b6a60fe0 nmethod 5065 0x00000289aa0bd590 code [0x00000289aa0bd720, 0x00000289aa0bd828]
Event: 6.209 Thread 0x00000289b6a60fe0 5067       4       java.util.Collections$UnmodifiableMap$UnmodifiableEntrySet$UnmodifiableEntry::getValue (10 bytes)
Event: 6.209 Thread 0x00000289b6a60fe0 nmethod 5067 0x00000289aa0bd910 code [0x00000289aa0bdaa0, 0x00000289aa0bdba8]
Event: 6.209 Thread 0x00000289b6a60fe0 5074       4       java.util.HashMap::hash (20 bytes)
Event: 6.210 Thread 0x00000289b6a60fe0 nmethod 5074 0x00000289aa0bdc90 code [0x00000289aa0bde20, 0x00000289aa0bdf10]
Event: 6.210 Thread 0x00000289b6a60fe0 5068       4       com.google.inject.internal.InjectorImpl::enterContext (65 bytes)
Event: 6.211 Thread 0x00000289b6a63cc0 5076       3       org.apache.maven.model.profile.activation.JdkVersionProfileActivator::addZeroTokens (23 bytes)
Event: 6.211 Thread 0x00000289b6a63cc0 nmethod 5076 0x00000289a2d71910 code [0x00000289a2d71ae0, 0x00000289a2d71e18]
Event: 6.211 Thread 0x00000289b6a63cc0 5077       3       java.util.HashMap::putMapEntries (170 bytes)
Event: 6.212 Thread 0x00000289b6a63cc0 nmethod 5077 0x00000289a2d71f10 code [0x00000289a2d72200, 0x00000289a2d73068]
Event: 6.212 Thread 0x00000289b6a63cc0 5079       3       org.apache.maven.model.interpolation.StringVisitorModelInterpolator$ModelVisitor::visit (89 bytes)
Event: 6.213 Thread 0x00000289b6a63cc0 nmethod 5079 0x00000289a2d73490 code [0x00000289a2d73700, 0x00000289a2d74328]
Event: 6.213 Thread 0x00000289b6a63cc0 5078       3       org.apache.maven.model.interpolation.StringVisitorModelInterpolator$ModelVisitor::visit (58 bytes)
Event: 6.214 Thread 0x00000289b6a63cc0 nmethod 5078 0x00000289a2d74710 code [0x00000289a2d74960, 0x00000289a2d75238]
Event: 6.218 Thread 0x00000289b6a60fe0 nmethod 5068 0x00000289aa0bdf90 code [0x00000289aa0be1c0, 0x00000289aa0bee30]
Event: 6.219 Thread 0x00000289b6a60fe0 5075 %     4       sun.nio.cs.UTF_8$Decoder::decodeArrayLoop @ 103 (688 bytes)

GC Heap History (11 events):
Event: 0.909 GC heap before
{Heap before GC invocations=0 (full 0):
 garbage-first heap   total reserved 1538048K, committed 96256K, used 23552K [0x00000000a2200000, 0x0000000100000000)
  region size 1024K, 24 young (24576K), 0 survivors (0K)
 Metaspace       used 5204K, committed 5376K, reserved 1114112K
  class space    used 610K, committed 704K, reserved 1048576K
}
Event: 0.915 GC heap after
{Heap after GC invocations=1 (full 0):
 garbage-first heap   total reserved 1538048K, committed 96256K, used 3712K [0x00000000a2200000, 0x0000000100000000)
  region size 1024K, 3 young (3072K), 3 survivors (3072K)
 Metaspace       used 5204K, committed 5376K, reserved 1114112K
  class space    used 610K, committed 704K, reserved 1048576K
}
Event: 1.794 GC heap before
{Heap before GC invocations=1 (full 0):
 garbage-first heap   total reserved 1538048K, committed 96256K, used 37504K [0x00000000a2200000, 0x0000000100000000)
  region size 1024K, 36 young (36864K), 3 survivors (3072K)
 Metaspace       used 11755K, committed 11968K, reserved 1114112K
  class space    used 1432K, committed 1536K, reserved 1048576K
}
Event: 1.806 GC heap after
{Heap after GC invocations=2 (full 0):
 garbage-first heap   total reserved 1538048K, committed 96256K, used 7728K [0x00000000a2200000, 0x0000000100000000)
  region size 1024K, 4 young (4096K), 4 survivors (4096K)
 Metaspace       used 11755K, committed 11968K, reserved 1114112K
  class space    used 1432K, committed 1536K, reserved 1048576K
}
Event: 2.609 GC heap before
{Heap before GC invocations=2 (full 0):
 garbage-first heap   total reserved 1538048K, committed 96256K, used 60976K [0x00000000a2200000, 0x0000000100000000)
  region size 1024K, 56 young (57344K), 4 survivors (4096K)
 Metaspace       used 13026K, committed 13376K, reserved 1114112K
  class space    used 1507K, committed 1664K, reserved 1048576K
}
Event: 2.623 GC heap after
{Heap after GC invocations=3 (full 0):
 garbage-first heap   total reserved 1538048K, committed 96256K, used 13030K [0x00000000a2200000, 0x0000000100000000)
  region size 1024K, 7 young (7168K), 7 survivors (7168K)
 Metaspace       used 13026K, committed 13376K, reserved 1114112K
  class space    used 1507K, committed 1664K, reserved 1048576K
}
Event: 3.248 GC heap before
{Heap before GC invocations=3 (full 0):
 garbage-first heap   total reserved 1538048K, committed 96256K, used 63206K [0x00000000a2200000, 0x0000000100000000)
  region size 1024K, 56 young (57344K), 7 survivors (7168K)
 Metaspace       used 13529K, committed 13824K, reserved 1114112K
  class space    used 1517K, committed 1664K, reserved 1048576K
}
Event: 3.260 GC heap after
{Heap after GC invocations=4 (full 0):
 garbage-first heap   total reserved 1538048K, committed 96256K, used 17617K [0x00000000a2200000, 0x0000000100000000)
  region size 1024K, 5 young (5120K), 5 survivors (5120K)
 Metaspace       used 13529K, committed 13824K, reserved 1114112K
  class space    used 1517K, committed 1664K, reserved 1048576K
}
Event: 4.589 GC heap before
{Heap before GC invocations=4 (full 0):
 garbage-first heap   total reserved 1538048K, committed 96256K, used 70865K [0x00000000a2200000, 0x0000000100000000)
  region size 1024K, 56 young (57344K), 5 survivors (5120K)
 Metaspace       used 16701K, committed 17088K, reserved 1114112K
  class space    used 1945K, committed 2112K, reserved 1048576K
}
Event: 4.604 GC heap after
{Heap after GC invocations=5 (full 0):
 garbage-first heap   total reserved 1538048K, committed 96256K, used 23552K [0x00000000a2200000, 0x0000000100000000)
  region size 1024K, 5 young (5120K), 5 survivors (5120K)
 Metaspace       used 16701K, committed 17088K, reserved 1114112K
  class space    used 1945K, committed 2112K, reserved 1048576K
}
Event: 6.220 GC heap before
{Heap before GC invocations=5 (full 0):
 garbage-first heap   total reserved 1538048K, committed 96256K, used 74752K [0x00000000a2200000, 0x0000000100000000)
  region size 1024K, 56 young (57344K), 5 survivors (5120K)
 Metaspace       used 17698K, committed 18176K, reserved 1114112K
  class space    used 2089K, committed 2304K, reserved 1048576K
}

Dll operation events (8 events):
Event: 0.027 Loaded shared library C:\Program Files\Java\jdk-22\bin\java.dll
Event: 0.101 Loaded shared library C:\Program Files\Java\jdk-22\bin\jsvml.dll
Event: 0.119 Loaded shared library C:\Program Files\Java\jdk-22\bin\net.dll
Event: 0.122 Loaded shared library C:\Program Files\Java\jdk-22\bin\nio.dll
Event: 0.127 Loaded shared library C:\Program Files\Java\jdk-22\bin\zip.dll
Event: 0.296 Loaded shared library C:\Program Files\Java\jdk-22\bin\jimage.dll
Event: 0.312 Loaded shared library C:\maven\lib\jansi-native\Windows\x86_64\jansi.dll
Event: 0.326 Loaded shared library C:\Program Files\Java\jdk-22\bin\verify.dll

Deoptimization events (20 events):
Event: 5.479 Thread 0x0000028998652e00 Uncommon trap: trap_request=0xffffffde fr.pc=0x00000289a9fa6c88 relative=0x00000000000004c8
Event: 5.479 Thread 0x0000028998652e00 Uncommon trap: reason=class_check action=maybe_recompile pc=0x00000289a9fa6c88 method=java.util.Collections$UnmodifiableMap$UnmodifiableEntrySet$1.next()Ljava/util/Map$Entry; @ 8 c2
Event: 5.479 Thread 0x0000028998652e00 DEOPT PACKING pc=0x00000289a9fa6c88 sp=0x000000fd7c2fe3a0
Event: 5.479 Thread 0x0000028998652e00 DEOPT UNPACKING pc=0x00000289a99146a2 sp=0x000000fd7c2fe310 mode 2
Event: 5.479 Thread 0x0000028998652e00 Uncommon trap: trap_request=0xffffffde fr.pc=0x00000289a9fa7298 relative=0x0000000000000078
Event: 5.479 Thread 0x0000028998652e00 Uncommon trap: reason=class_check action=maybe_recompile pc=0x00000289a9fa7298 method=java.util.Collections$UnmodifiableMap$UnmodifiableEntrySet$UnmodifiableEntry.getKey()Ljava/lang/Object; @ 4 c2
Event: 5.479 Thread 0x0000028998652e00 DEOPT PACKING pc=0x00000289a9fa7298 sp=0x000000fd7c2fe3f0
Event: 5.479 Thread 0x0000028998652e00 DEOPT UNPACKING pc=0x00000289a99146a2 sp=0x000000fd7c2fe380 mode 2
Event: 5.479 Thread 0x0000028998652e00 Uncommon trap: trap_request=0xffffffde fr.pc=0x00000289a9fa7598 relative=0x0000000000000078
Event: 5.479 Thread 0x0000028998652e00 Uncommon trap: reason=class_check action=maybe_recompile pc=0x00000289a9fa7598 method=java.util.Collections$UnmodifiableMap$UnmodifiableEntrySet$UnmodifiableEntry.getValue()Ljava/lang/Object; @ 4 c2
Event: 5.479 Thread 0x0000028998652e00 DEOPT PACKING pc=0x00000289a9fa7598 sp=0x000000fd7c2fe3f0
Event: 5.479 Thread 0x0000028998652e00 DEOPT UNPACKING pc=0x00000289a99146a2 sp=0x000000fd7c2fe380 mode 2
Event: 6.201 Thread 0x0000028998652e00 Uncommon trap: trap_request=0xffffffde fr.pc=0x00000289aa028cd4 relative=0x00000000000012b4
Event: 6.201 Thread 0x0000028998652e00 Uncommon trap: reason=class_check action=maybe_recompile pc=0x00000289aa028cd4 method=org.eclipse.sisu.wire.EntryListAdapter$ValueIterator.next()Ljava/lang/Object; @ 4 c2
Event: 6.201 Thread 0x0000028998652e00 DEOPT PACKING pc=0x00000289aa028cd4 sp=0x000000fd7c2fe570
Event: 6.201 Thread 0x0000028998652e00 DEOPT UNPACKING pc=0x00000289a99146a2 sp=0x000000fd7c2fe5a0 mode 2
Event: 6.211 Thread 0x0000028998652e00 Uncommon trap: trap_request=0xffffff45 fr.pc=0x00000289a9efc244 relative=0x00000000000000a4
Event: 6.211 Thread 0x0000028998652e00 Uncommon trap: reason=unstable_if action=reinterpret pc=0x00000289a9efc244 method=java.lang.ref.ReferenceQueue.poll()Ljava/lang/ref/Reference; @ 4 c2
Event: 6.211 Thread 0x0000028998652e00 DEOPT PACKING pc=0x00000289a9efc244 sp=0x000000fd7c2fdcd0
Event: 6.211 Thread 0x0000028998652e00 DEOPT UNPACKING pc=0x00000289a99146a2 sp=0x000000fd7c2fdbb8 mode 2

Classes loaded (20 events):
Event: 5.509 Loading class jdk/internal/event/ProcessStartEvent
Event: 5.510 Loading class jdk/internal/event/ProcessStartEvent done
Event: 5.510 Loading class jdk/internal/logger/LazyLoggers
Event: 5.510 Loading class jdk/internal/logger/LazyLoggers done
Event: 5.510 Loading class jdk/internal/logger/LazyLoggers$1
Event: 5.511 Loading class jdk/internal/logger/LazyLoggers$1 done
Event: 5.511 Loading class jdk/internal/logger/LazyLoggers$LazyLoggerFactories
Event: 5.511 Loading class jdk/internal/logger/LazyLoggers$LazyLoggerFactories done
Event: 5.512 Loading class jdk/internal/logger/LoggerFinderLoader
Event: 5.512 Loading class jdk/internal/logger/LoggerFinderLoader done
Event: 5.513 Loading class jdk/internal/logger/LoggerFinderLoader$TemporaryLoggerFinder
Event: 5.513 Loading class jdk/internal/logger/LoggerFinderLoader$TemporaryLoggerFinder done
Event: 5.513 Loading class sun/util/logging/internal/LoggingProviderImpl$JULWrapper
Event: 5.515 Loading class sun/util/logging/PlatformLogger$ConfigurableBridge$LoggerConfiguration
Event: 5.515 Loading class sun/util/logging/PlatformLogger$ConfigurableBridge$LoggerConfiguration done
Event: 5.516 Loading class sun/util/logging/internal/LoggingProviderImpl$JULWrapper done
Event: 5.516 Loading class java/lang/System$Logger$Level
Event: 5.516 Loading class java/lang/System$Logger$Level done
Event: 6.196 Loading class sun/nio/fs/WindowsFileCopy
Event: 6.197 Loading class sun/nio/fs/WindowsFileCopy done

Classes unloaded (0 events):
No events

Classes redefined (0 events):
No events

Internal exceptions (20 events):
Event: 5.122 Thread 0x00000289fd5de3d0 Exception <a 'sun/nio/fs/WindowsException'{0x00000000a51c9ae0}> (0x00000000a51c9ae0) 
thrown [s\open\src\hotspot\share\prims\jni.cpp, line 520]
Event: 5.126 Thread 0x00000289fd5de3d0 Exception <a 'sun/nio/fs/WindowsException'{0x00000000a51cfa70}> (0x00000000a51cfa70) 
thrown [s\open\src\hotspot\share\prims\jni.cpp, line 520]
Event: 5.138 Thread 0x0000028998652e00 Exception <a 'sun/nio/fs/WindowsException'{0x00000000a5635c48}> (0x00000000a5635c48) 
thrown [s\open\src\hotspot\share\prims\jni.cpp, line 520]
Event: 5.138 Thread 0x0000028998652e00 Exception <a 'sun/nio/fs/WindowsException'{0x00000000a5636200}> (0x00000000a5636200) 
thrown [s\open\src\hotspot\share\prims\jni.cpp, line 520]
Event: 5.141 Thread 0x0000028998652e00 Exception <a 'sun/nio/fs/WindowsException'{0x00000000a56385e8}> (0x00000000a56385e8) 
thrown [s\open\src\hotspot\share\prims\jni.cpp, line 520]
Event: 5.373 Thread 0x0000028998652e00 Exception <a 'sun/nio/fs/WindowsException'{0x00000000a5675c48}> (0x00000000a5675c48) 
thrown [s\open\src\hotspot\share\prims\jni.cpp, line 520]
Event: 5.373 Thread 0x0000028998652e00 Exception <a 'sun/nio/fs/WindowsException'{0x00000000a5676540}> (0x00000000a5676540) 
thrown [s\open\src\hotspot\share\prims\jni.cpp, line 520]
Event: 5.382 Thread 0x0000028998652e00 Exception <a 'java/lang/NoSuchMethodError'{0x00000000a568c5f8}: 'void java.lang.invoke.DirectMethodHandle$Holder.invokeStatic(java.lang.Object, java.lang.Object, java.lang.Object, java.lang.Object)'> (0x00000000a568c5f8) 
thrown [s\open\src\hotspot\share\interpreter\linkResolver.cpp, line 774]
Event: 5.428 Thread 0x0000028998652e00 Exception <a 'sun/nio/fs/WindowsException'{0x00000000a4f4dae0}> (0x00000000a4f4dae0) 
thrown [s\open\src\hotspot\share\prims\jni.cpp, line 520]
Event: 5.429 Thread 0x0000028998652e00 Exception <a 'sun/nio/fs/WindowsException'{0x00000000a4f4f108}> (0x00000000a4f4f108) 
thrown [s\open\src\hotspot\share\prims\jni.cpp, line 520]
Event: 5.437 Thread 0x0000028998652e00 Exception <a 'java/lang/IncompatibleClassChangeError'{0x00000000a4f71598}: Found class java.lang.Object, but interface was expected> (0x00000000a4f71598) 
thrown [s\open\src\hotspot\share\interpreter\linkResolver.cpp, line 841]
Event: 5.501 Thread 0x0000028998652e00 Exception <a 'java/lang/NoSuchMethodError'{0x00000000a4e631d8}: 'void java.lang.invoke.DirectMethodHandle$Holder.invokeStatic(java.lang.Object, long)'> (0x00000000a4e631d8) 
thrown [s\open\src\hotspot\share\interpreter\linkResolver.cpp, line 774]
Event: 5.501 Thread 0x0000028998652e00 Exception <a 'java/lang/NoSuchMethodError'{0x00000000a4e68040}: 'java.lang.Object java.lang.invoke.DirectMethodHandle$Holder.newInvokeSpecial(java.lang.Object, long)'> (0x00000000a4e68040) 
thrown [s\open\src\hotspot\share\interpreter\linkResolver.cpp, line 774]
Event: 5.503 Thread 0x0000028998652e00 Exception <a 'java/lang/NoSuchMethodError'{0x00000000a4e6e6e8}: 'java.lang.Object java.lang.invoke.DirectMethodHandle$Holder.invokeStatic(java.lang.Object, long, java.lang.Object)'> (0x00000000a4e6e6e8) 
thrown [s\open\src\hotspot\share\interpreter\linkResolver.cpp, line 774]
Event: 5.504 Thread 0x0000028998652e00 Exception <a 'java/lang/NoSuchMethodError'{0x00000000a4e71ea0}: 'java.lang.Object java.lang.invoke.DirectMethodHandle$Holder.invokeStaticInit(java.lang.Object, long, java.lang.Object)'> (0x00000000a4e71ea0) 
thrown [s\open\src\hotspot\share\interpreter\linkResolver.cpp, line 774]
Event: 5.517 Thread 0x0000028998652e00 Exception <a 'java/lang/NoSuchMethodError'{0x00000000a4e85830}: 'void java.lang.invoke.DirectMethodHandle$Holder.invokeInterface(java.lang.Object, java.lang.Object, java.lang.Object, java.lang.Object)'> (0x00000000a4e85830) 
thrown [s\open\src\hotspot\share\interpreter\linkResolver.cpp, line 774]
Event: 5.518 Thread 0x0000028998652e00 Exception <a 'java/lang/NoSuchMethodError'{0x00000000a4e893d0}: 'void java.lang.invoke.DirectMethodHandle$Holder.invokeSpecial(java.lang.Object, java.lang.Object, java.lang.Object, java.lang.Object, java.lang.Object)'> (0x00000000a4e893d0) 
thrown [s\open\src\hotspot\share\interpreter\linkResolver.cpp, line 774]
Event: 6.195 Thread 0x0000028998652e00 Exception <a 'sun/nio/fs/WindowsException'{0x00000000a4ed3a80}> (0x00000000a4ed3a80) 
thrown [s\open\src\hotspot\share\prims\jni.cpp, line 520]
Event: 6.196 Thread 0x0000028998652e00 Exception <a 'sun/nio/fs/WindowsException'{0x00000000a4ed6340}> (0x00000000a4ed6340) 
thrown [s\open\src\hotspot\share\prims\jni.cpp, line 520]
Event: 6.198 Thread 0x0000028998652e00 Exception <a 'sun/nio/fs/WindowsException'{0x00000000a4ed7e28}> (0x00000000a4ed7e28) 
thrown [s\open\src\hotspot\share\prims\jni.cpp, line 520]

ZGC Phase Switch (0 events):
No events

VM Operations (20 events):
Event: 4.210 Executing VM operation: HandshakeAllThreads (Deoptimize) done
Event: 4.292 Executing VM operation: ICBufferFull
Event: 4.293 Executing VM operation: ICBufferFull done
Event: 4.419 Executing VM operation: HandshakeAllThreads (Deoptimize)
Event: 4.419 Executing VM operation: HandshakeAllThreads (Deoptimize) done
Event: 4.458 Executing VM operation: HandshakeAllThreads (Deoptimize)
Event: 4.458 Executing VM operation: HandshakeAllThreads (Deoptimize) done
Event: 4.470 Executing VM operation: HandshakeAllThreads (Deoptimize)
Event: 4.470 Executing VM operation: HandshakeAllThreads (Deoptimize) done
Event: 4.522 Executing VM operation: HandshakeAllThreads (Deoptimize)
Event: 4.523 Executing VM operation: HandshakeAllThreads (Deoptimize) done
Event: 4.579 Executing VM operation: G1CollectForAllocation (G1 Evacuation Pause)
Event: 4.604 Executing VM operation: G1CollectForAllocation (G1 Evacuation Pause) done
Event: 5.394 Executing VM operation: HandshakeAllThreads (Deoptimize)
Event: 5.395 Executing VM operation: HandshakeAllThreads (Deoptimize) done
Event: 5.396 Executing VM operation: HandshakeAllThreads (Deoptimize)
Event: 5.396 Executing VM operation: HandshakeAllThreads (Deoptimize) done
Event: 5.509 Executing VM operation: HandshakeAllThreads (Deoptimize)
Event: 5.509 Executing VM operation: HandshakeAllThreads (Deoptimize) done
Event: 6.220 Executing VM operation: G1CollectForAllocation (G1 Evacuation Pause)

Events (20 events):
Event: 4.458 Thread 0x00000289fd5e11c0 Thread added: 0x00000289fd5e11c0
Event: 4.458 Thread 0x00000289fd5ddd40 Thread added: 0x00000289fd5ddd40
Event: 4.460 Thread 0x00000289fd5e1850 Thread added: 0x00000289fd5e1850
Event: 4.460 Thread 0x00000289fd5de3d0 Thread added: 0x00000289fd5de3d0
Event: 4.462 Thread 0x00000289fd5e4cd0 Thread added: 0x00000289fd5e4cd0
Event: 4.463 Thread 0x00000289fd5e1ee0 Thread added: 0x00000289fd5e1ee0
Event: 4.464 Thread 0x00000289fd5e2c00 Thread added: 0x00000289fd5e2c00
Event: 4.464 Thread 0x00000289fd5e2570 Thread added: 0x00000289fd5e2570
Event: 5.169 Thread 0x00000289fd5e3290 Thread added: 0x00000289fd5e3290
Event: 5.169 Thread 0x00000289fd5e3920 Thread added: 0x00000289fd5e3920
Event: 5.176 Thread 0x00000289fd5e3fb0 Thread added: 0x00000289fd5e3fb0
Event: 5.180 Thread 0x00000289fd5e4640 Thread added: 0x00000289fd5e4640
Event: 5.181 Thread 0x00000289fcfa9c80 Thread added: 0x00000289fcfa9c80
Event: 5.183 Thread 0x00000289fcfa88d0 Thread added: 0x00000289fcfa88d0
Event: 5.185 Thread 0x00000289fcfa8f60 Thread added: 0x00000289fcfa8f60
Event: 5.522 Thread 0x00000289fcfa95f0 Thread added: 0x00000289fcfa95f0
Event: 5.523 Thread 0x00000289fcfa7520 Thread added: 0x00000289fcfa7520
Event: 6.135 Thread 0x00000289fd5de3d0 Thread exited: 0x00000289fd5de3d0
Event: 6.193 Thread 0x00000289fcfa95f0 Thread exited: 0x00000289fcfa95f0
Event: 6.193 Thread 0x00000289fcfa7520 Thread exited: 0x00000289fcfa7520


Dynamic libraries:
0x00007ff701d50000 - 0x00007ff701d60000 	C:\Program Files\Java\jdk-22\bin\java.exe
0x00007ffea7340000 - 0x00007ffea75a9000 	C:\WINDOWS\SYSTEM32\ntdll.dll
0x00007ffea5ff0000 - 0x00007ffea60b9000 	C:\WINDOWS\System32\KERNEL32.DLL
0x00007ffea4670000 - 0x00007ffea4a63000 	C:\WINDOWS\System32\KERNELBASE.dll
0x00007ffea4e80000 - 0x00007ffea4fcb000 	C:\WINDOWS\System32\ucrtbase.dll
0x00007ffe6fea0000 - 0x00007ffe6feb7000 	C:\Program Files\Java\jdk-22\bin\jli.dll
0x00007ffe6fec0000 - 0x00007ffe6fedb000 	C:\Program Files\Java\jdk-22\bin\VCRUNTIME140.dll
0x00007ffea5120000 - 0x00007ffea51d4000 	C:\WINDOWS\System32\ADVAPI32.dll
0x00007ffea6dd0000 - 0x00007ffea6e79000 	C:\WINDOWS\System32\msvcrt.dll
0x00007ffea5ac0000 - 0x00007ffea5b66000 	C:\WINDOWS\System32\sechost.dll
0x00007ffea6b70000 - 0x00007ffea6c88000 	C:\WINDOWS\System32\RPCRT4.dll
0x00007ffea69a0000 - 0x00007ffea6b64000 	C:\WINDOWS\System32\USER32.dll
0x00007ffea4640000 - 0x00007ffea4667000 	C:\WINDOWS\System32\win32u.dll
0x00007ffea6140000 - 0x00007ffea616b000 	C:\WINDOWS\System32\GDI32.dll
0x00007ffe90680000 - 0x00007ffe90913000 	C:\WINDOWS\WinSxS\amd64_microsoft.windows.common-controls_6595b64144ccf1df_6.0.26100.5074_none_3e0d6f78e32fd63f\COMCTL32.dll
0x00007ffea4d50000 - 0x00007ffea4e7d000 	C:\WINDOWS\System32\gdi32full.dll
0x00007ffea5060000 - 0x00007ffea5103000 	C:\WINDOWS\System32\msvcp_win.dll
0x00007ffe9c1c0000 - 0x00007ffe9c1cb000 	C:\WINDOWS\SYSTEM32\VERSION.dll
0x00007ffea5a80000 - 0x00007ffea5aaf000 	C:\WINDOWS\System32\IMM32.DLL
0x00007ffe98300000 - 0x00007ffe9830c000 	C:\Program Files\Java\jdk-22\bin\vcruntime140_1.dll
0x00007ffddbc60000 - 0x00007ffddbcee000 	C:\Program Files\Java\jdk-22\bin\msvcp140.dll
0x00007ffdd0620000 - 0x00007ffdd1368000 	C:\Program Files\Java\jdk-22\bin\server\jvm.dll
0x00007ffea5990000 - 0x00007ffea5a04000 	C:\WINDOWS\System32\WS2_32.dll
0x00007ffea4330000 - 0x00007ffea438e000 	C:\WINDOWS\SYSTEM32\POWRPROF.dll
0x00007ffe9b5f0000 - 0x00007ffe9b625000 	C:\WINDOWS\SYSTEM32\WINMM.dll
0x00007ffea4310000 - 0x00007ffea4324000 	C:\WINDOWS\SYSTEM32\UMPDC.dll
0x00007ffea32b0000 - 0x00007ffea32cb000 	C:\WINDOWS\SYSTEM32\kernel.appcore.dll
0x00007ffe7a980000 - 0x00007ffe7a98a000 	C:\Program Files\Java\jdk-22\bin\jimage.dll
0x00007ffea1d30000 - 0x00007ffea1f72000 	C:\WINDOWS\SYSTEM32\DBGHELP.DLL
0x00007ffea5b70000 - 0x00007ffea5eeb000 	C:\WINDOWS\System32\combase.dll
0x00007ffea6cd0000 - 0x00007ffea6da7000 	C:\WINDOWS\System32\OLEAUT32.dll
0x00007ffe8ea70000 - 0x00007ffe8eaad000 	C:\WINDOWS\SYSTEM32\dbgcore.DLL
0x00007ffea4a70000 - 0x00007ffea4b09000 	C:\WINDOWS\System32\bcryptPrimitives.dll
0x00007ffe576d0000 - 0x00007ffe576ee000 	C:\Program Files\Java\jdk-22\bin\java.dll
0x00007ffea5240000 - 0x00007ffea598d000 	C:\WINDOWS\System32\SHELL32.dll
0x00007ffea44d0000 - 0x00007ffea463c000 	C:\WINDOWS\System32\wintypes.dll
0x00007ffea6200000 - 0x00007ffea6398000 	C:\WINDOWS\System32\ole32.dll
0x00007ffea2120000 - 0x00007ffea2979000 	C:\WINDOWS\SYSTEM32\windows.storage.dll
0x00007ffea5ef0000 - 0x00007ffea5fe0000 	C:\WINDOWS\System32\SHCORE.dll
0x00007ffea5a10000 - 0x00007ffea5a72000 	C:\WINDOWS\System32\shlwapi.dll
0x00007ffea43f0000 - 0x00007ffea4419000 	C:\WINDOWS\SYSTEM32\profapi.dll
0x00007ffdd3760000 - 0x00007ffdd3837000 	C:\Program Files\Java\jdk-22\bin\jsvml.dll
0x00007ffe7a720000 - 0x00007ffe7a730000 	C:\Program Files\Java\jdk-22\bin\net.dll
0x00007ffea3830000 - 0x00007ffea389b000 	C:\WINDOWS\system32\mswsock.dll
0x00007ffe576b0000 - 0x00007ffe576c6000 	C:\Program Files\Java\jdk-22\bin\nio.dll
0x00007ffe57690000 - 0x00007ffe576a7000 	C:\Program Files\Java\jdk-22\bin\zip.dll
0x0000000069ac0000 - 0x0000000069ae4000 	C:\maven\lib\jansi-native\Windows\x86_64\jansi.dll
0x00007ffe74350000 - 0x00007ffe74360000 	C:\Program Files\Java\jdk-22\bin\verify.dll

dbghelp: loaded successfully - version: 4.0.5 - missing functions: none
symbol engine: initialized successfully - sym options: 0x614 - pdb path: .;C:\Program Files\Java\jdk-22\bin;C:\WINDOWS\SYSTEM32;C:\WINDOWS\WinSxS\amd64_microsoft.windows.common-controls_6595b64144ccf1df_6.0.26100.5074_none_3e0d6f78e32fd63f;C:\Program Files\Java\jdk-22\bin\server;C:\maven\lib\jansi-native\Windows\x86_64

VM Arguments:
jvm_args: -Dclassworlds.conf=C:\maven\bin\m2.conf -Dmaven.home=C:\maven -Dlibrary.jansi.path=C:\maven\lib\jansi-native -Dmaven.multiModuleProjectDirectory=C:\Users\Priscila\Documents\UNLa\4to Año\Desarrollo de Software en Sistemas Distribuidos 2do Cuatrimestre 2025\TPNuevo\server\TrabajoPracticoSisDistri\grpc-server 
java_command: org.codehaus.plexus.classworlds.launcher.Launcher clean install
java_class_path (initial): C:\maven\boot\plexus-classworlds-2.6.0.jar
Launcher Type: SUN_STANDARD

[Global flags]
     intx CICompilerCount                          = 4                                         {product} {ergonomic}
     uint ConcGCThreads                            = 3                                         {product} {ergonomic}
     uint G1ConcRefinementThreads                  = 10                                        {product} {ergonomic}
   size_t G1HeapRegionSize                         = 1048576                                   {product} {ergonomic}
   size_t InitialHeapSize                          = 98566144                                  {product} {ergonomic}
   size_t MarkStackSize                            = 4194304                                   {product} {ergonomic}
   size_t MaxHeapSize                              = 1574961152                                {product} {ergonomic}
   size_t MaxNewSize                               = 944766976                                 {product} {ergonomic}
   size_t MinHeapDeltaBytes                        = 1048576                                   {product} {ergonomic}
   size_t MinHeapSize                              = 8388608                                   {product} {ergonomic}
    uintx NonNMethodCodeHeapSize                   = 5839372                                {pd product} {ergonomic}
    uintx NonProfiledCodeHeapSize                  = 122909434                              {pd product} {ergonomic}
    uintx ProfiledCodeHeapSize                     = 122909434                              {pd product} {ergonomic}
    uintx ReservedCodeCacheSize                    = 251658240                              {pd product} {ergonomic}
     bool SegmentedCodeCache                       = true                                      {product} {ergonomic}
   size_t SoftMaxHeapSize                          = 1574961152                             {manageable} {ergonomic}
     bool UseCompressedOops                        = true                           {product lp64_product} {ergonomic}
     bool UseG1GC                                  = true                                      {product} {ergonomic}
     bool UseLargePagesIndividualAllocation        = false                                  {pd product} {ergonomic}

Logging:
Log output configuration:
 #0: stdout all=warning uptime,level,tags foldmultilines=false
 #1: stderr all=off uptime,level,tags foldmultilines=false

Environment Variables:
JAVA_HOME=C:\Program Files\Java\jdk-22
PATH=C:\Program Files\Java\jdk-22\bin;C:\Program Files\Common Files\Oracle\Java\javapath;C:\Program Files (x86)\Common Files\Oracle\Java\javapath;C:\WINDOWS\system32;C:\WINDOWS;C:\WINDOWS\System32\Wbem;C:\WINDOWS\System32\WindowsPowerShell\v1.0\;C:\WINDOWS\System32\OpenSSH\;C:\maven\bin;C:\Program Files\Git\cmd;C:\Program Files\Docker\Docker\resources\bin;C:\ProgramData\DockerDesktop\version-bin;C:\Program Files\nodejs\;C:\Users\Priscila\AppData\Local\Programs\Python\Python313\Scripts\;C:\Users\Priscila\AppData\Local\Programs\Python\Python313\;C:\Users\Priscila\AppData\Local\Programs\Python\Launcher\;C:\Users\Priscila\AppData\Local\Microsoft\WindowsApps;C:\Program Files\MongoDB\Server\6.0\bin;C:\Program Files\mongosh-1.8.2-win32-x64\bin;C:\Users\Priscila\AppData\Local\Programs\Microsoft VS Code\bin;C:\Program Files (x86)\Nmap;C:\Users\Priscila\AppData\Local\Microsoft\WinGet\Packages\Gyan.FFmpeg.Essentials_Microsoft.Winget.Source_8wekyb3d8bbwe\ffmpeg-8.0-essentials_build/bin;C:\Users\Priscila\AppData\Roaming\npm;C:\Program Files\nodejs;
USERNAME=Priscila
OS=Windows_NT
PROCESSOR_IDENTIFIER=AMD64 Family 23 Model 104 Stepping 1, AuthenticAMD
TMP=C:\Users\Priscila\AppData\Local\Temp
TEMP=C:\Users\Priscila\AppData\Local\Temp




Periodic native trim disabled

---------------  S Y S T E M  ---------------

OS:
 Windows 11 , 64 bit Build 26100 (10.0.26100.5074)
OS uptime: 6 days 19:02 hours
Hyper-V role detected

CPU: total 12 (initial active 12) (12 cores per cpu, 2 threads per core) family 23 model 104 stepping 1 microcode 0x8608102, cx8, cmov, fxsr, ht, mmx, 3dnowpref, sse, sse2, sse3, ssse3, sse4a, sse4.1, sse4.2, popcnt, lzcnt, tsc, tscinvbit, avx, avx2, aes, clmul, bmi1, bmi2, adx, sha, fma, vzeroupper, clflush, clflushopt, hv, rdtscp, rdpid, f16c
Processor Information for processor 0
  Max Mhz: 2100, Current Mhz: 1988, Mhz Limit: 2100
Processor Information for processor 1
  Max Mhz: 2100, Current Mhz: 1988, Mhz Limit: 2100
Processor Information for processor 2
  Max Mhz: 2100, Current Mhz: 1988, Mhz Limit: 2100
Processor Information for processor 3
  Max Mhz: 2100, Current Mhz: 1988, Mhz Limit: 2100
Processor Information for processor 4
  Max Mhz: 2100, Current Mhz: 2100, Mhz Limit: 2100
Processor Information for processor 5
  Max Mhz: 2100, Current Mhz: 1988, Mhz Limit: 2100
Processor Information for processor 6
  Max Mhz: 2100, Current Mhz: 1988, Mhz Limit: 2100
Processor Information for processor 7
  Max Mhz: 2100, Current Mhz: 1988, Mhz Limit: 2100
Processor Information for processor 8
  Max Mhz: 2100, Current Mhz: 2100, Mhz Limit: 2100
Processor Information for processor 9
  Max Mhz: 2100, Current Mhz: 1988, Mhz Limit: 2100
Processor Information for processor 10
  Max Mhz: 2100, Current Mhz: 1988, Mhz Limit: 2100
Processor Information for processor 11
  Max Mhz: 2100, Current Mhz: 1988, Mhz Limit: 2100

Memory: 4k page, system-wide physical 6005M (311M free)
TotalPageFile size 24437M (AvailPageFile size 0M)
current process WorkingSet (physical memory assigned to process): 188M, peak: 190M
current process commit charge ("private bytes"): 243M, peak: 262M

vm_info: Java HotSpot(TM) 64-Bit Server VM (22+36-2370) for windows-amd64 JRE (22+36-2370), built on 2024-02-15T22:15:19Z by "mach5one" with MS VC++ 17.6 (VS2022)

END.
