#
# There is insufficient memory for the Java Runtime Environment to continue.
# Native memory allocation (malloc) failed to allocate 1552496 bytes. Error detail: Chunk::new
# Possible reasons:
#   The system is out of physical RAM or swap space
#   This process is running with CompressedOops enabled, and the Java Heap may be blocking the growth of the native heap
# Possible solutions:
#   Reduce memory load on the system
#   Increase physical memory or swap space
#   Check if swap backing store is full
#   Decrease Java heap size (-Xmx/-Xms)
#   Decrease number of Java threads
#   Decrease Java thread stack sizes (-Xss)
#   Set larger code cache with -XX:ReservedCodeCacheSize=
#   JVM is running with Unscaled Compressed Oops mode in which the Java heap is
#     placed in the first 4GB address space. The Java Heap base address is the
#     maximum limit for the native heap growth. Please use -XX:HeapBaseMinAddress
#     to set the Java Heap base and to place the Java Heap above 4GB virtual address.
# This output file may be truncated or incomplete.
#
#  Out of Memory Error (arena.cpp:150), pid=70212, tid=70132
#
# JRE version: Java(TM) SE Runtime Environment (22.0+36) (build 22+36-2370)
# Java VM: Java HotSpot(TM) 64-Bit Server VM (22+36-2370, mixed mode, sharing, tiered, compressed oops, compressed class ptrs, g1 gc, windows-amd64)
# No core dump will be written. Minidumps are not enabled by default on client versions of Windows
#

---------------  S U M M A R Y ------------

Command Line: C:\Users\Priscila\AppData\Local\Temp\surefire7368236351670056527\surefirebooter-20251011160348254_3.jar C:\Users\Priscila\AppData\Local\Temp\surefire7368236351670056527 2025-10-11T16-03-48_058-jvmRun1 surefire-20251011160348254_1tmp surefire_0-20251011160348254_2tmp

Host: AMD Ryzen 5 5500U with Radeon Graphics         , 12 cores, 5G,  Windows 11 , 64 bit Build 26100 (10.0.26100.5074)
Time: Sat Oct 11 16:04:00 2025 Hora estándar de Argentina elapsed time: 11.838309 seconds (0d 0h 0m 11s)

---------------  T H R E A D  ---------------

Current thread (0x00000198d42ef170):  JavaThread "C2 CompilerThread1" daemon [_thread_in_native, id=70132, stack(0x000000293f600000,0x000000293f700000) (1024K)]


Current CompileTask:
C2:11838 3842       4       org.springframework.beans.factory.support.AbstractBeanFactory::isTypeMatch (745 bytes)

Stack: [0x000000293f600000,0x000000293f700000]
Native frames: (J=compiled Java code, j=interpreted, Vv=VM code, C=native code)
V  [jvm.dll+0x6e2349]  (no source info available)
V  [jvm.dll+0x874ed3]  (no source info available)
V  [jvm.dll+0x8772fe]  (no source info available)
V  [jvm.dll+0x8779d3]  (no source info available)
V  [jvm.dll+0x27fcb6]  (no source info available)
V  [jvm.dll+0xc3d0f]  (no source info available)
V  [jvm.dll+0xc3f6b]  (no source info available)
V  [jvm.dll+0x3bb022]  (no source info available)
V  [jvm.dll+0x1df86e]  (no source info available)
V  [jvm.dll+0x247a4c]  (no source info available)
V  [jvm.dll+0x246faf]  (no source info available)
V  [jvm.dll+0x1c4e90]  (no source info available)
V  [jvm.dll+0x25699e]  (no source info available)
V  [jvm.dll+0x254c5a]  (no source info available)
V  [jvm.dll+0x3f5426]  (no source info available)
V  [jvm.dll+0x81d50b]  (no source info available)
V  [jvm.dll+0x6e09e5]  (no source info available)
C  [ucrtbase.dll+0x37b0]  (no source info available)
C  [KERNEL32.DLL+0x2e8d7]  (no source info available)
C  [ntdll.dll+0x8d9c]  (no source info available)


---------------  P R O C E S S  ---------------

Threads class SMR info:
_java_thread_list=0x00000198d6c76a60, length=16, elements={
0x00000198ee5df330, 0x00000198fb81a020, 0x00000198fb81ca90, 0x00000198fb828420,
0x00000198fb828e80, 0x00000198fb82abd0, 0x00000198fb82b910, 0x00000198fb82dc00,
0x00000198fb82eec0, 0x00000198d42516d0, 0x00000198d4253560, 0x00000198d42ef170,
0x00000198d43ad3f0, 0x00000198d4932e00, 0x00000198d42f27f0, 0x00000198d7213710
}

Java Threads: ( => current thread )
  0x00000198ee5df330 JavaThread "main"                              [_thread_in_Java, id=62444, stack(0x000000293e400000,0x000000293e500000) (1024K)]
  0x00000198fb81a020 JavaThread "Reference Handler"          daemon [_thread_blocked, id=59736, stack(0x000000293ec00000,0x000000293ed00000) (1024K)]
  0x00000198fb81ca90 JavaThread "Finalizer"                  daemon [_thread_blocked, id=69492, stack(0x000000293ed00000,0x000000293ee00000) (1024K)]
  0x00000198fb828420 JavaThread "Signal Dispatcher"          daemon [_thread_blocked, id=63916, stack(0x000000293ee00000,0x000000293ef00000) (1024K)]
  0x00000198fb828e80 JavaThread "Attach Listener"            daemon [_thread_blocked, id=54864, stack(0x000000293ef00000,0x000000293f000000) (1024K)]
  0x00000198fb82abd0 JavaThread "Service Thread"             daemon [_thread_blocked, id=22692, stack(0x000000293f000000,0x000000293f100000) (1024K)]
  0x00000198fb82b910 JavaThread "Monitor Deflation Thread"   daemon [_thread_blocked, id=50884, stack(0x000000293f100000,0x000000293f200000) (1024K)]
  0x00000198fb82dc00 JavaThread "C2 CompilerThread0"         daemon [_thread_blocked, id=57020, stack(0x000000293f200000,0x000000293f300000) (1024K)]
  0x00000198fb82eec0 JavaThread "C1 CompilerThread0"         daemon [_thread_blocked, id=70584, stack(0x000000293f300000,0x000000293f400000) (1024K)]
  0x00000198d42516d0 JavaThread "Notification Thread"        daemon [_thread_blocked, id=27080, stack(0x000000293f400000,0x000000293f500000) (1024K)]
  0x00000198d4253560 JavaThread "Common-Cleaner"             daemon [_thread_blocked, id=70052, stack(0x000000293f500000,0x000000293f600000) (1024K)]
=>0x00000198d42ef170 JavaThread "C2 CompilerThread1"         daemon [_thread_in_native, id=70132, stack(0x000000293f600000,0x000000293f700000) (1024K)]
  0x00000198d43ad3f0 JavaThread "surefire-forkedjvm-stream-flusher" daemon [_thread_blocked, id=36116, stack(0x000000293f700000,0x000000293f800000) (1024K)]
  0x00000198d4932e00 JavaThread "surefire-forkedjvm-command-thread" daemon [_thread_in_native, id=70396, stack(0x000000293f800000,0x000000293f900000) (1024K)]
  0x00000198d42f27f0 JavaThread "C2 CompilerThread2"         daemon [_thread_in_native, id=64192, stack(0x0000002940200000,0x0000002940300000) (1024K)]
  0x00000198d7213710 JavaThread "mysql-cj-abandoned-connection-cleanup" daemon [_thread_blocked, id=31892, stack(0x0000002940500000,0x0000002940600000) (1024K)]
Total: 16

Other Threads:
  0x00000198fb7f8aa0 VMThread "VM Thread"                           [id=69624, stack(0x000000293eb00000,0x000000293ec00000) (1024K)]
  0x00000198fb7df5c0 WatcherThread "VM Periodic Task Thread"        [id=55792, stack(0x000000293ea00000,0x000000293eb00000) (1024K)]
  0x00000198ee621940 WorkerThread "GC Thread#0"                     [id=69904, stack(0x000000293e500000,0x000000293e600000) (1024K)]
  0x00000198d52b9d30 WorkerThread "GC Thread#1"                     [id=69448, stack(0x000000293f900000,0x000000293fa00000) (1024K)]
  0x00000198d5201750 WorkerThread "GC Thread#2"                     [id=53996, stack(0x000000293fa00000,0x000000293fb00000) (1024K)]
  0x00000198d51c6320 WorkerThread "GC Thread#3"                     [id=60428, stack(0x000000293fb00000,0x000000293fc00000) (1024K)]
  0x00000198d4e71ad0 WorkerThread "GC Thread#4"                     [id=66252, stack(0x000000293fc00000,0x000000293fd00000) (1024K)]
  0x00000198d4e71e80 WorkerThread "GC Thread#5"                     [id=69760, stack(0x000000293fd00000,0x000000293fe00000) (1024K)]
  0x00000198d51c9ff0 WorkerThread "GC Thread#6"                     [id=69424, stack(0x000000293fe00000,0x000000293ff00000) (1024K)]
  0x00000198d51ca3a0 WorkerThread "GC Thread#7"                     [id=42644, stack(0x000000293ff00000,0x0000002940000000) (1024K)]
  0x00000198d51cab50 WorkerThread "GC Thread#8"                     [id=67472, stack(0x0000002940000000,0x0000002940100000) (1024K)]
  0x00000198d56e8500 WorkerThread "GC Thread#9"                     [id=54484, stack(0x0000002940100000,0x0000002940200000) (1024K)]
  0x00000198ee62e400 ConcurrentGCThread "G1 Main Marker"            [id=60936, stack(0x000000293e600000,0x000000293e700000) (1024K)]
  0x00000198ee62fd40 WorkerThread "G1 Conc#0"                       [id=69820, stack(0x000000293e700000,0x000000293e800000) (1024K)]
  0x00000198d51bf620 WorkerThread "G1 Conc#1"                       [id=68428, stack(0x0000002940300000,0x0000002940400000) (1024K)]
  0x00000198d57d1ca0 WorkerThread "G1 Conc#2"                       [id=67176, stack(0x0000002940400000,0x0000002940500000) (1024K)]
  0x00000198ee69e320 ConcurrentGCThread "G1 Refine#0"               [id=53272, stack(0x000000293e800000,0x000000293e900000) (1024K)]
  0x00000198fb6b44d0 ConcurrentGCThread "G1 Service"                [id=63576, stack(0x000000293e900000,0x000000293ea00000) (1024K)]
Total: 18

Threads with active compile tasks:
C2 CompilerThread1  14033 3842       4       org.springframework.beans.factory.support.AbstractBeanFactory::isTypeMatch (745 bytes)
C2 CompilerThread2  14033 4029   !   4       org.springframework.core.annotation.AnnotationsScanner::processClassHierarchy (234 bytes)
Total: 2

VM state: not at safepoint (normal execution)

VM Mutex/Monitor currently owned by a thread: None

Heap address: 0x00000000a2200000, size: 1502 MB, Compressed Oops mode: 32-bit

CDS archive(s) mapped at: [0x000001988f000000-0x000001988fc60000-0x000001988fc60000), size 12976128, SharedBaseAddress: 0x000001988f000000, ArchiveRelocationMode: 1.
Compressed class space mapped at: 0x0000019890000000-0x00000198d0000000, reserved size: 1073741824
Narrow klass base: 0x000001988f000000, Narrow klass shift: 0, Narrow klass range: 0x41000000

GC Precious Log:
 CardTable entry size: 512
 Card Set container configuration: InlinePtr #cards 5 size 8 Array Of Cards #cards 12 size 40 Howl #buckets 4 coarsen threshold 1843 Howl Bitmap #cards 512 size 80 coarsen threshold 460 Card regions per heap region 1 cards per card region 2048
 CPUs: 12 total, 12 available
 Memory: 6005M
 Large Page Support: Disabled
 NUMA Support: Disabled
 Compressed Oops: Enabled (32-bit)
 Heap Region Size: 1M
 Heap Min Capacity: 8M
 Heap Initial Capacity: 94M
 Heap Max Capacity: 1502M
 Pre-touch: Disabled
 Parallel Workers: 10
 Concurrent Workers: 3
 Concurrent Refinement Workers: 10
 Periodic GC: Disabled

Heap:
 garbage-first heap   total reserved 1538048K, committed 58368K, used 19366K [0x00000000a2200000, 0x0000000100000000)
  region size 1024K, 4 young (4096K), 3 survivors (3072K)
 Metaspace       used 25346K, committed 25920K, reserved 1114112K
  class space    used 3413K, committed 3648K, reserved 1048576K

Heap Regions: E=young(eden), S=young(survivor), O=old, HS=humongous(starts), HC=humongous(continues), CS=collection set, F=free, TAMS=top-at-mark-start, PB=parsable bottom
|   0|0x00000000a2200000, 0x00000000a2300000, 0x00000000a2300000|100%|HS|  |TAMS 0x00000000a2200000| PB 0x00000000a2200000| Complete |  0
|   1|0x00000000a2300000, 0x00000000a2400000, 0x00000000a2400000|100%|HS|  |TAMS 0x00000000a2300000| PB 0x00000000a2300000| Complete |  0
|   2|0x00000000a2400000, 0x00000000a2500000, 0x00000000a2500000|100%| O|  |TAMS 0x00000000a2400000| PB 0x00000000a2400000| Untracked |  0
|   3|0x00000000a2500000, 0x00000000a2600000, 0x00000000a2600000|100%| O|  |TAMS 0x00000000a2500000| PB 0x00000000a2500000| Untracked |  0
|   4|0x00000000a2600000, 0x00000000a2700000, 0x00000000a2700000|100%| O|  |TAMS 0x00000000a2600000| PB 0x00000000a2600000| Untracked |  0
|   5|0x00000000a2700000, 0x00000000a2800000, 0x00000000a2800000|100%| O|  |TAMS 0x00000000a2700000| PB 0x00000000a2700000| Untracked |  0
|   6|0x00000000a2800000, 0x00000000a2900000, 0x00000000a2900000|100%| O|  |TAMS 0x00000000a2800000| PB 0x00000000a2800000| Untracked |  0
|   7|0x00000000a2900000, 0x00000000a2a00000, 0x00000000a2a00000|100%| O|  |TAMS 0x00000000a2900000| PB 0x00000000a2900000| Untracked |  0
|   8|0x00000000a2a00000, 0x00000000a2b00000, 0x00000000a2b00000|100%| O|  |TAMS 0x00000000a2a00000| PB 0x00000000a2a00000| Untracked |  0
|   9|0x00000000a2b00000, 0x00000000a2be9b08, 0x00000000a2c00000| 91%| O|Cm|TAMS 0x00000000a2b00000| PB 0x00000000a2b00000| Complete |  0
|  10|0x00000000a2c00000, 0x00000000a2d00000, 0x00000000a2d00000|100%| O|  |TAMS 0x00000000a2c00000| PB 0x00000000a2c00000| Untracked |  0
|  11|0x00000000a2d00000, 0x00000000a2e00000, 0x00000000a2e00000|100%| O|  |TAMS 0x00000000a2d00000| PB 0x00000000a2d00000| Untracked |  0
|  12|0x00000000a2e00000, 0x00000000a2f00000, 0x00000000a2f00000|100%| O|  |TAMS 0x00000000a2e00000| PB 0x00000000a2e00000| Untracked |  0
|  13|0x00000000a2f00000, 0x00000000a3000000, 0x00000000a3000000|100%| O|  |TAMS 0x00000000a2f00000| PB 0x00000000a2f00000| Untracked |  0
|  14|0x00000000a3000000, 0x00000000a3100000, 0x00000000a3100000|100%| O|  |TAMS 0x00000000a3000000| PB 0x00000000a3000000| Untracked |  0
|  15|0x00000000a3100000, 0x00000000a3200000, 0x00000000a3200000|100%| O|  |TAMS 0x00000000a3100000| PB 0x00000000a3100000| Untracked |  0
|  16|0x00000000a3200000, 0x00000000a3200000, 0x00000000a3300000|  0%| F|  |TAMS 0x00000000a3200000| PB 0x00000000a3200000| Untracked |  0
|  17|0x00000000a3300000, 0x00000000a3300000, 0x00000000a3400000|  0%| F|  |TAMS 0x00000000a3300000| PB 0x00000000a3300000| Untracked |  0
|  18|0x00000000a3400000, 0x00000000a3400000, 0x00000000a3500000|  0%| F|  |TAMS 0x00000000a3400000| PB 0x00000000a3400000| Untracked |  0
|  19|0x00000000a3500000, 0x00000000a3500000, 0x00000000a3600000|  0%| F|  |TAMS 0x00000000a3500000| PB 0x00000000a3500000| Untracked |  0
|  20|0x00000000a3600000, 0x00000000a3700000, 0x00000000a3700000|100%| S|CS|TAMS 0x00000000a3600000| PB 0x00000000a3600000| Complete |  0
|  21|0x00000000a3700000, 0x00000000a3800000, 0x00000000a3800000|100%| S|CS|TAMS 0x00000000a3700000| PB 0x00000000a3700000| Complete |  0
|  22|0x00000000a3800000, 0x00000000a3900000, 0x00000000a3900000|100%| S|CS|TAMS 0x00000000a3800000| PB 0x00000000a3800000| Complete |  0
|  23|0x00000000a3900000, 0x00000000a3900000, 0x00000000a3a00000|  0%| F|  |TAMS 0x00000000a3900000| PB 0x00000000a3900000| Untracked |  0
|  24|0x00000000a3a00000, 0x00000000a3a00000, 0x00000000a3b00000|  0%| F|  |TAMS 0x00000000a3a00000| PB 0x00000000a3a00000| Untracked |  0
|  25|0x00000000a3b00000, 0x00000000a3b00000, 0x00000000a3c00000|  0%| F|  |TAMS 0x00000000a3b00000| PB 0x00000000a3b00000| Untracked |  0
|  26|0x00000000a3c00000, 0x00000000a3c00000, 0x00000000a3d00000|  0%| F|  |TAMS 0x00000000a3c00000| PB 0x00000000a3c00000| Untracked |  0
|  27|0x00000000a3d00000, 0x00000000a3d00000, 0x00000000a3e00000|  0%| F|  |TAMS 0x00000000a3d00000| PB 0x00000000a3d00000| Untracked |  0
|  28|0x00000000a3e00000, 0x00000000a3e00000, 0x00000000a3f00000|  0%| F|  |TAMS 0x00000000a3e00000| PB 0x00000000a3e00000| Untracked |  0
|  29|0x00000000a3f00000, 0x00000000a3f00000, 0x00000000a4000000|  0%| F|  |TAMS 0x00000000a3f00000| PB 0x00000000a3f00000| Untracked |  0
|  30|0x00000000a4000000, 0x00000000a4000000, 0x00000000a4100000|  0%| F|  |TAMS 0x00000000a4000000| PB 0x00000000a4000000| Untracked |  0
|  31|0x00000000a4100000, 0x00000000a4100000, 0x00000000a4200000|  0%| F|  |TAMS 0x00000000a4100000| PB 0x00000000a4100000| Untracked |  0
|  32|0x00000000a4200000, 0x00000000a4200000, 0x00000000a4300000|  0%| F|  |TAMS 0x00000000a4200000| PB 0x00000000a4200000| Untracked |  0
|  33|0x00000000a4300000, 0x00000000a4300000, 0x00000000a4400000|  0%| F|  |TAMS 0x00000000a4300000| PB 0x00000000a4300000| Untracked |  0
|  34|0x00000000a4400000, 0x00000000a4400000, 0x00000000a4500000|  0%| F|  |TAMS 0x00000000a4400000| PB 0x00000000a4400000| Untracked |  0
|  35|0x00000000a4500000, 0x00000000a4500000, 0x00000000a4600000|  0%| F|  |TAMS 0x00000000a4500000| PB 0x00000000a4500000| Untracked |  0
|  36|0x00000000a4600000, 0x00000000a4600000, 0x00000000a4700000|  0%| F|  |TAMS 0x00000000a4600000| PB 0x00000000a4600000| Untracked |  0
|  37|0x00000000a4700000, 0x00000000a4700000, 0x00000000a4800000|  0%| F|  |TAMS 0x00000000a4700000| PB 0x00000000a4700000| Untracked |  0
|  38|0x00000000a4800000, 0x00000000a4800000, 0x00000000a4900000|  0%| F|  |TAMS 0x00000000a4800000| PB 0x00000000a4800000| Untracked |  0
|  39|0x00000000a4900000, 0x00000000a4900000, 0x00000000a4a00000|  0%| F|  |TAMS 0x00000000a4900000| PB 0x00000000a4900000| Untracked |  0
|  40|0x00000000a4a00000, 0x00000000a4a00000, 0x00000000a4b00000|  0%| F|  |TAMS 0x00000000a4a00000| PB 0x00000000a4a00000| Untracked |  0
|  41|0x00000000a4b00000, 0x00000000a4b00000, 0x00000000a4c00000|  0%| F|  |TAMS 0x00000000a4b00000| PB 0x00000000a4b00000| Untracked |  0
|  42|0x00000000a4c00000, 0x00000000a4c00000, 0x00000000a4d00000|  0%| F|  |TAMS 0x00000000a4c00000| PB 0x00000000a4c00000| Untracked |  0
|  43|0x00000000a4d00000, 0x00000000a4d00000, 0x00000000a4e00000|  0%| F|  |TAMS 0x00000000a4d00000| PB 0x00000000a4d00000| Untracked |  0
|  44|0x00000000a4e00000, 0x00000000a4e00000, 0x00000000a4f00000|  0%| F|  |TAMS 0x00000000a4e00000| PB 0x00000000a4e00000| Untracked |  0
|  45|0x00000000a4f00000, 0x00000000a4f00000, 0x00000000a5000000|  0%| F|  |TAMS 0x00000000a4f00000| PB 0x00000000a4f00000| Untracked |  0
|  46|0x00000000a5000000, 0x00000000a5000000, 0x00000000a5100000|  0%| F|  |TAMS 0x00000000a5000000| PB 0x00000000a5000000| Untracked |  0
|  47|0x00000000a5100000, 0x00000000a5100000, 0x00000000a5200000|  0%| F|  |TAMS 0x00000000a5100000| PB 0x00000000a5100000| Untracked |  0
|  48|0x00000000a5200000, 0x00000000a5200000, 0x00000000a5300000|  0%| F|  |TAMS 0x00000000a5200000| PB 0x00000000a5200000| Untracked |  0
|  49|0x00000000a5300000, 0x00000000a5300000, 0x00000000a5400000|  0%| F|  |TAMS 0x00000000a5300000| PB 0x00000000a5300000| Untracked |  0
|  50|0x00000000a5400000, 0x00000000a5400000, 0x00000000a5500000|  0%| F|  |TAMS 0x00000000a5400000| PB 0x00000000a5400000| Untracked |  0
|  51|0x00000000a5500000, 0x00000000a5500000, 0x00000000a5600000|  0%| F|  |TAMS 0x00000000a5500000| PB 0x00000000a5500000| Untracked |  0
|  52|0x00000000a5600000, 0x00000000a5600000, 0x00000000a5700000|  0%| F|  |TAMS 0x00000000a5600000| PB 0x00000000a5600000| Untracked |  0
|  53|0x00000000a5700000, 0x00000000a5700000, 0x00000000a5800000|  0%| F|  |TAMS 0x00000000a5700000| PB 0x00000000a5700000| Untracked |  0
|  54|0x00000000a5800000, 0x00000000a5800000, 0x00000000a5900000|  0%| F|  |TAMS 0x00000000a5800000| PB 0x00000000a5800000| Untracked |  0
|  55|0x00000000a5900000, 0x00000000a5900000, 0x00000000a5a00000|  0%| F|  |TAMS 0x00000000a5900000| PB 0x00000000a5900000| Untracked |  0
|  93|0x00000000a7f00000, 0x00000000a7fab9b0, 0x00000000a8000000| 67%| E|  |TAMS 0x00000000a7f00000| PB 0x00000000a7f00000| Complete |  0

Card table byte_map: [0x00000198f7160000,0x00000198f7450000] _byte_map_base: 0x00000198f6c4f000

Marking Bits: (CMBitMap*) 0x00000198ee621f60
 Bits: [0x00000198f7450000, 0x00000198f8bc8000)

Polling page: 0x00000198ec760000

Metaspace:

Usage:
  Non-class:     21.43 MB used.
      Class:      3.33 MB used.
       Both:     24.76 MB used.

Virtual space:
  Non-class space:       64.00 MB reserved,      21.75 MB ( 34%) committed,  1 nodes.
      Class space:        1.00 GB reserved,       3.56 MB ( <1%) committed,  1 nodes.
             Both:        1.06 GB reserved,      25.31 MB (  2%) committed. 

Chunk freelists:
   Non-Class:  9.61 MB
       Class:  12.48 MB
        Both:  22.09 MB

MaxMetaspaceSize: unlimited
CompressedClassSpaceSize: 1.00 GB
Initial GC threshold: 21.00 MB
Current GC threshold: 35.12 MB
CDS: on
 - commit_granule_bytes: 65536.
 - commit_granule_words: 8192.
 - virtual_space_node_default_size: 8388608.
 - enlarge_chunks_in_place: 1.
 - use_allocation_guard: 0.


Internal statistics:

num_allocs_failed_limit: 3.
num_arena_births: 636.
num_arena_deaths: 0.
num_vsnodes_births: 2.
num_vsnodes_deaths: 0.
num_space_committed: 405.
num_space_uncommitted: 0.
num_chunks_returned_to_freelist: 3.
num_chunks_taken_from_freelist: 1649.
num_chunk_merges: 3.
num_chunk_splits: 1057.
num_chunks_enlarged: 691.
num_inconsistent_stats: 0.

CodeHeap 'non-profiled nmethods': size=120000Kb used=2151Kb max_used=2151Kb free=117849Kb
 bounds [0x0000019887ad0000, 0x0000019887d40000, 0x000001988f000000]
CodeHeap 'profiled nmethods': size=120000Kb used=8348Kb max_used=8348Kb free=111651Kb
 bounds [0x0000019880000000, 0x0000019880830000, 0x0000019887530000]
CodeHeap 'non-nmethods': size=5760Kb used=1456Kb max_used=1507Kb free=4303Kb
 bounds [0x0000019887530000, 0x00000198877a0000, 0x0000019887ad0000]
 total_blobs=4611 nmethods=4073 adapters=442
 compilation: enabled
              stopped_count=0, restarted_count=0
 full_count=0

Compilation events (20 events):
Event: 4.712 Thread 0x00000198fb82eec0 4050       1       org.springframework.beans.factory.support.AbstractAutowireCapableBeanFactory::getInstantiationStrategy (5 bytes)
Event: 4.712 Thread 0x00000198fb82eec0 nmethod 4050 0x0000019887cdec90 code [0x0000019887cdee20, 0x0000019887cdeef0]
Event: 5.617 Thread 0x00000198fb82eec0 4051       3       java.util.concurrent.ThreadPoolExecutor::runStateAtLeast (11 bytes)
Event: 7.745 Thread 0x00000198fb82eec0 nmethod 4051 0x000001988081f490 code [0x000001988081f620, 0x000001988081f760]
Event: 7.745 Thread 0x00000198fb82eec0 4052       1       java.util.concurrent.atomic.AtomicLong::get (5 bytes)
Event: 7.745 Thread 0x00000198fb82eec0 nmethod 4052 0x0000019887cdef90 code [0x0000019887cdf120, 0x0000019887cdf1f0]
Event: 7.762 Thread 0x00000198fb82eec0 4054       3       org.springframework.orm.jpa.support.PersistenceAnnotationBeanPostProcessor$$Lambda/0x0000019890325ac8::doWith (13 bytes)
Event: 7.763 Thread 0x00000198fb82eec0 nmethod 4054 0x000001988081f810 code [0x000001988081f9c0, 0x000001988081fb10]
Event: 7.763 Thread 0x00000198fb82eec0 4055       3       org.springframework.orm.jpa.support.PersistenceAnnotationBeanPostProcessor::lambda$buildPersistenceMetadata$0 (58 bytes)
Event: 7.764 Thread 0x00000198fb82eec0 nmethod 4055 0x000001988081fc10 code [0x000001988081ff20, 0x0000019880821120]
Event: 7.764 Thread 0x00000198fb82eec0 4056       3       org.springframework.context.annotation.CommonAnnotationBeanPostProcessor$$Lambda/0x0000019890324a20::doWith (13 bytes)
Event: 7.765 Thread 0x00000198fb82eec0 nmethod 4056 0x0000019880821610 code [0x00000198808217c0, 0x0000019880821910]
Event: 7.765 Thread 0x00000198fb82eec0 4057       3       org.springframework.context.annotation.CommonAnnotationBeanPostProcessor::lambda$buildResourceMetadata$0 (210 bytes)
Event: 7.766 Thread 0x00000198fb82eec0 nmethod 4057 0x0000019880821a10 code [0x0000019880821ce0, 0x0000019880822aa8]
Event: 8.336 Thread 0x00000198fb82eec0 4058       1       java.nio.HeapByteBuffer::isReadOnly (2 bytes)
Event: 8.786 Thread 0x00000198fb82eec0 nmethod 4058 0x0000019887cdf290 code [0x0000019887cdf420, 0x0000019887cdf4e8]
Event: 9.422 Thread 0x00000198fb82eec0 4059       3       java.util.concurrent.ThreadPoolExecutor::isShutdown (12 bytes)
Event: 9.422 Thread 0x00000198fb82eec0 nmethod 4059 0x0000019880822e90 code [0x0000019880823040, 0x0000019880823220]
Event: 9.423 Thread 0x00000198fb82eec0 4060       3       java.util.concurrent.ScheduledThreadPoolExecutor::canRunInCurrentRunState (61 bytes)
Event: 9.423 Thread 0x00000198fb82eec0 nmethod 4060 0x0000019880823310 code [0x0000019880823520, 0x0000019880823cd0]

GC Heap History (6 events):
Event: 0.839 GC heap before
{Heap before GC invocations=0 (full 0):
 garbage-first heap   total reserved 1538048K, committed 96256K, used 25600K [0x00000000a2200000, 0x0000000100000000)
  region size 1024K, 24 young (24576K), 0 survivors (0K)
 Metaspace       used 5255K, committed 5440K, reserved 1114112K
  class space    used 602K, committed 704K, reserved 1048576K
}
Event: 0.848 GC heap after
{Heap after GC invocations=1 (full 0):
 garbage-first heap   total reserved 1538048K, committed 96256K, used 9856K [0x00000000a2200000, 0x0000000100000000)
  region size 1024K, 3 young (3072K), 3 survivors (3072K)
 Metaspace       used 5255K, committed 5440K, reserved 1114112K
  class space    used 602K, committed 704K, reserved 1048576K
}
Event: 1.908 GC heap before
{Heap before GC invocations=1 (full 0):
 garbage-first heap   total reserved 1538048K, committed 96256K, used 37504K [0x00000000a2200000, 0x0000000100000000)
  region size 1024K, 30 young (30720K), 3 survivors (3072K)
 Metaspace       used 12049K, committed 12352K, reserved 1114112K
  class space    used 1546K, committed 1664K, reserved 1048576K
}
Event: 1.917 GC heap after
{Heap after GC invocations=2 (full 0):
 garbage-first heap   total reserved 1538048K, committed 96256K, used 12625K [0x00000000a2200000, 0x0000000100000000)
  region size 1024K, 3 young (3072K), 3 survivors (3072K)
 Metaspace       used 12049K, committed 12352K, reserved 1114112K
  class space    used 1546K, committed 1664K, reserved 1048576K
}
Event: 3.801 GC heap before
{Heap before GC invocations=2 (full 0):
 garbage-first heap   total reserved 1538048K, committed 96256K, used 64849K [0x00000000a2200000, 0x0000000100000000)
  region size 1024K, 56 young (57344K), 3 survivors (3072K)
 Metaspace       used 21127K, committed 21504K, reserved 1114112K
  class space    used 2807K, committed 3008K, reserved 1048576K
}
Event: 3.814 GC heap after
{Heap after GC invocations=3 (full 0):
 garbage-first heap   total reserved 1538048K, committed 96256K, used 17193K [0x00000000a2200000, 0x0000000100000000)
  region size 1024K, 7 young (7168K), 7 survivors (7168K)
 Metaspace       used 21127K, committed 21504K, reserved 1114112K
  class space    used 2807K, committed 3008K, reserved 1048576K
}

Dll operation events (9 events):
Event: 0.015 Loaded shared library C:\Program Files\Java\jdk-22\bin\java.dll
Event: 0.053 Loaded shared library C:\Program Files\Java\jdk-22\bin\jsvml.dll
Event: 0.072 Loaded shared library C:\Program Files\Java\jdk-22\bin\net.dll
Event: 0.074 Loaded shared library C:\Program Files\Java\jdk-22\bin\nio.dll
Event: 0.078 Loaded shared library C:\Program Files\Java\jdk-22\bin\zip.dll
Event: 0.141 Loaded shared library C:\Program Files\Java\jdk-22\bin\management.dll
Event: 0.152 Loaded shared library C:\Program Files\Java\jdk-22\bin\management_ext.dll
Event: 0.175 Loaded shared library C:\Program Files\Java\jdk-22\bin\jimage.dll
Event: 2.249 Loaded shared library C:\Program Files\Java\jdk-22\bin\le.dll

Deoptimization events (20 events):
Event: 4.601 Thread 0x00000198ee5df330 Uncommon trap: trap_request=0xffffff45 fr.pc=0x0000019887bc02d8 relative=0x0000000000000278
Event: 4.601 Thread 0x00000198ee5df330 Uncommon trap: reason=unstable_if action=reinterpret pc=0x0000019887bc02d8 method=org.springframework.boot.context.properties.source.ConfigurationPropertyName$Elements.charAt(II)C @ 13 c2
Event: 4.601 Thread 0x00000198ee5df330 DEOPT PACKING pc=0x0000019887bc02d8 sp=0x000000293e4f91f0
Event: 4.601 Thread 0x00000198ee5df330 DEOPT UNPACKING pc=0x00000198875846a2 sp=0x000000293e4f9170 mode 2
Event: 4.622 Thread 0x00000198ee5df330 Uncommon trap: trap_request=0xffffffd6 fr.pc=0x0000019887cd27a0 relative=0x00000000000021a0
Event: 4.622 Thread 0x00000198ee5df330 Uncommon trap: reason=array_check action=maybe_recompile pc=0x0000019887cd27a0 method=org.springframework.util.ConcurrentReferenceHashMap$Segment.lambda$doTask$0(Ljava/lang/Object;ILorg/springframework/util/ConcurrentReferenceHashMap$Reference;ILjava/lang
Event: 4.622 Thread 0x00000198ee5df330 DEOPT PACKING pc=0x0000019887cd27a0 sp=0x000000293e4fa990
Event: 4.622 Thread 0x00000198ee5df330 DEOPT UNPACKING pc=0x00000198875846a2 sp=0x000000293e4fa620 mode 2
Event: 4.672 Thread 0x00000198ee5df330 Uncommon trap: trap_request=0xffffffd6 fr.pc=0x0000019887cd27a0 relative=0x00000000000021a0
Event: 4.672 Thread 0x00000198ee5df330 Uncommon trap: reason=array_check action=maybe_recompile pc=0x0000019887cd27a0 method=org.springframework.util.ConcurrentReferenceHashMap$Segment.lambda$doTask$0(Ljava/lang/Object;ILorg/springframework/util/ConcurrentReferenceHashMap$Reference;ILjava/lang
Event: 4.672 Thread 0x00000198ee5df330 DEOPT PACKING pc=0x0000019887cd27a0 sp=0x000000293e4f9a80
Event: 4.672 Thread 0x00000198ee5df330 DEOPT UNPACKING pc=0x00000198875846a2 sp=0x000000293e4f9710 mode 2
Event: 4.672 Thread 0x00000198ee5df330 Uncommon trap: trap_request=0xffffffd6 fr.pc=0x0000019887cd27a0 relative=0x00000000000021a0
Event: 4.672 Thread 0x00000198ee5df330 Uncommon trap: reason=array_check action=maybe_recompile pc=0x0000019887cd27a0 method=org.springframework.util.ConcurrentReferenceHashMap$Segment.lambda$doTask$0(Ljava/lang/Object;ILorg/springframework/util/ConcurrentReferenceHashMap$Reference;ILjava/lang
Event: 4.672 Thread 0x00000198ee5df330 DEOPT PACKING pc=0x0000019887cd27a0 sp=0x000000293e4f9ae0
Event: 4.672 Thread 0x00000198ee5df330 DEOPT UNPACKING pc=0x00000198875846a2 sp=0x000000293e4f9770 mode 2
Event: 4.673 Thread 0x00000198ee5df330 Uncommon trap: trap_request=0xffffffd6 fr.pc=0x0000019887cd27a0 relative=0x00000000000021a0
Event: 4.673 Thread 0x00000198ee5df330 Uncommon trap: reason=array_check action=maybe_recompile pc=0x0000019887cd27a0 method=org.springframework.util.ConcurrentReferenceHashMap$Segment.lambda$doTask$0(Ljava/lang/Object;ILorg/springframework/util/ConcurrentReferenceHashMap$Reference;ILjava/lang
Event: 4.673 Thread 0x00000198ee5df330 DEOPT PACKING pc=0x0000019887cd27a0 sp=0x000000293e4f9a80
Event: 4.673 Thread 0x00000198ee5df330 DEOPT UNPACKING pc=0x00000198875846a2 sp=0x000000293e4f9710 mode 2

Classes loaded (20 events):
Event: 4.352 Loading class java/lang/invoke/BoundMethodHandle$Species_LI
Event: 4.352 Loading class java/lang/invoke/BoundMethodHandle$Species_LI done
Event: 4.379 Loading class java/text/MessageFormat
Event: 4.380 Loading class java/text/MessageFormat done
Event: 4.404 Loading class java/lang/Class$EnclosingMethodInfo
Event: 4.404 Loading class java/lang/Class$EnclosingMethodInfo done
Event: 4.404 Loading class java/lang/reflect/AnnotatedType
Event: 4.404 Loading class java/lang/reflect/AnnotatedType done
Event: 4.500 Loading class sun/reflect/misc/ReflectUtil
Event: 4.500 Loading class sun/reflect/misc/ReflectUtil done
Event: 4.544 Loading class java/util/concurrent/Executors$AutoShutdownDelegatedExecutorService
Event: 4.544 Loading class java/util/concurrent/Executors$DelegatedExecutorService
Event: 4.545 Loading class java/util/concurrent/Executors$DelegatedExecutorService done
Event: 4.545 Loading class java/util/concurrent/Executors$AutoShutdownDelegatedExecutorService done
Event: 4.577 Loading class sun/invoke/util/VerifyAccess$1
Event: 4.584 Loading class sun/invoke/util/VerifyAccess$1 done
Event: 4.669 Loading class javax/naming/Referenceable
Event: 4.670 Loading class javax/naming/Referenceable done
Event: 7.766 Loading class java/lang/instrument/ClassFileTransformer
Event: 7.766 Loading class java/lang/instrument/ClassFileTransformer done

Classes unloaded (0 events):
No events

Classes redefined (0 events):
No events

Internal exceptions (20 events):
Event: 4.149 Thread 0x00000198ee5df330 Exception <a 'java/lang/NoSuchMethodError'{0x00000000a52375b0}: 'int java.lang.invoke.Invokers$Holder.linkToTargetMethod(java.lang.Object, java.lang.Object, java.lang.Object)'> (0x00000000a52375b0) 
thrown [s\open\src\hotspot\share\interpreter\linkResolver.cpp, line 774]
Event: 4.190 Thread 0x00000198ee5df330 Exception <a 'java/lang/NoSuchMethodError'{0x00000000a515b788}: 'void java.lang.invoke.Invokers$Holder.invokeExact_MT(java.lang.Object, java.lang.Object, java.lang.Object)'> (0x00000000a515b788) 
thrown [s\open\src\hotspot\share\interpreter\linkResolver.cpp, line 774]
Event: 4.224 Thread 0x00000198ee5df330 Exception <a 'java/lang/NoClassDefFoundError'{0x00000000a50885b8}: org/flywaydb/core/Flyway> (0x00000000a50885b8) 
thrown [s\open\src\hotspot\share\classfile\systemDictionary.cpp, line 302]
Event: 4.225 Thread 0x00000198ee5df330 Exception <a 'java/lang/NoClassDefFoundError'{0x00000000a508adc0}: liquibase/integration/spring/SpringLiquibase> (0x00000000a508adc0) 
thrown [s\open\src\hotspot\share\classfile\systemDictionary.cpp, line 302]
Event: 4.235 Thread 0x00000198ee5df330 Exception <a 'java/lang/NoClassDefFoundError'{0x00000000a50dd020}: org/jooq/DSLContext> (0x00000000a50dd020) 
thrown [s\open\src\hotspot\share\classfile\systemDictionary.cpp, line 302]
Event: 4.266 Thread 0x00000198ee5df330 Exception <a 'java/lang/NoClassDefFoundError'{0x00000000a4e78618}: org/springframework/batch/core/repository/JobRepository> (0x00000000a4e78618) 
thrown [s\open\src\hotspot\share\classfile\systemDictionary.cpp, line 302]
Event: 4.267 Thread 0x00000198ee5df330 Exception <a 'java/lang/NoClassDefFoundError'{0x00000000a4e7ab48}: org/quartz/Scheduler> (0x00000000a4e7ab48) 
thrown [s\open\src\hotspot\share\classfile\systemDictionary.cpp, line 302]
Event: 4.268 Thread 0x00000198ee5df330 Exception <a 'java/lang/NoClassDefFoundError'{0x00000000a4e7d518}: org/springframework/session/jdbc/JdbcIndexedSessionRepository> (0x00000000a4e7d518) 
thrown [s\open\src\hotspot\share\classfile\systemDictionary.cpp, line 302]
Event: 4.351 Thread 0x00000198ee5df330 Exception <a 'java/lang/NoSuchMethodError'{0x00000000a4c4a1a8}: 'void java.lang.invoke.DirectMethodHandle$Holder.invokeVirtual(java.lang.Object, java.lang.Object, int)'> (0x00000000a4c4a1a8) 
thrown [s\open\src\hotspot\share\interpreter\linkResolver.cpp, line 774]
Event: 4.352 Thread 0x00000198ee5df330 Exception <a 'java/lang/NoSuchMethodError'{0x00000000a4c4e888}: 'int java.lang.invoke.DirectMethodHandle$Holder.invokeSpecial(java.lang.Object, java.lang.Object, java.lang.Object, int)'> (0x00000000a4c4e888) 
thrown [s\open\src\hotspot\share\interpreter\linkResolver.cpp, line 774]
Event: 4.353 Thread 0x00000198ee5df330 Exception <a 'java/lang/NoSuchMethodError'{0x00000000a4c60b40}: 'java.lang.Object java.lang.invoke.DirectMethodHandle$Holder.invokeStatic(java.lang.Object, java.lang.Object, java.lang.Object, java.lang.Object, int)'> (0x00000000a4c60b40) 
thrown [s\open\src\hotspot\share\interpreter\linkResolver.cpp, line 774]
Event: 4.354 Thread 0x00000198ee5df330 Exception <a 'java/lang/NoSuchMethodError'{0x00000000a4c6b5a8}: 'void java.lang.invoke.DelegatingMethodHandle$Holder.reinvoke_L(java.lang.Object, java.lang.Object, int)'> (0x00000000a4c6b5a8) 
thrown [s\open\src\hotspot\share\interpreter\linkResolver.cpp, line 774]
Event: 4.440 Thread 0x00000198ee5df330 Exception <a 'java/lang/NoSuchMethodError'{0x00000000a4ac1630}: 'java.lang.Object java.lang.invoke.DirectMethodHandle$Holder.invokeVirtual(java.lang.Object, java.lang.Object, java.lang.Object, java.lang.Object)'> (0x00000000a4ac1630) 
thrown [s\open\src\hotspot\share\interpreter\linkResolver.cpp, line 774]
Event: 4.472 Thread 0x00000198ee5df330 Exception <a 'java/lang/NoSuchMethodError'{0x00000000a499d0b8}: 'java.lang.Object java.lang.invoke.DirectMethodHandle$Holder.invokeVirtual(java.lang.Object, java.lang.Object, java.lang.Object, java.lang.Object, java.lang.Object)'> (0x00000000a499d0b8) 
thrown [s\open\src\hotspot\share\interpreter\linkResolver.cpp, line 774]
Event: 4.492 Thread 0x00000198ee5df330 Exception <a 'java/lang/NoSuchMethodError'{0x00000000a481dd58}: 'void java.lang.invoke.DirectMethodHandle$Holder.invokeVirtual(java.lang.Object, java.lang.Object, long)'> (0x00000000a481dd58) 
thrown [s\open\src\hotspot\share\interpreter\linkResolver.cpp, line 774]
Event: 4.563 Thread 0x00000198ee5df330 Exception <a 'java/lang/NoSuchMethodError'{0x00000000a40d05c0}: 'long java.lang.invoke.DirectMethodHandle$Holder.invokeStatic(java.lang.Object, java.lang.Object, int)'> (0x00000000a40d05c0) 
thrown [s\open\src\hotspot\share\interpreter\linkResolver.cpp, line 774]
Event: 4.564 Thread 0x00000198ee5df330 Exception <a 'java/lang/NoSuchMethodError'{0x00000000a40daec0}: 'void java.lang.invoke.DelegatingMethodHandle$Holder.reinvoke_L(java.lang.Object, java.lang.Object, long)'> (0x00000000a40daec0) 
thrown [s\open\src\hotspot\share\interpreter\linkResolver.cpp, line 774]
Event: 4.601 Thread 0x00000198ee5df330 Implicit null exception at 0x0000019887bc00b5 to 0x0000019887bc02c0
Event: 4.609 Thread 0x00000198ee5df330 Exception <a 'java/lang/NoSuchMethodError'{0x00000000a3fc91e0}: 'java.lang.Object java.lang.invoke.DirectMethodHandle$Holder.newInvokeSpecial(java.lang.Object, java.lang.Object, java.lang.Object, java.lang.Object, java.lang.Object, java.lang.Object, java.lang.Object, java.lang.Object, java.lang.Object, java.lang.Object, java.lang.Object, java.lang.Object)'> (0x00000000a3fc91e0) 
thrown [s\open\src\hotspot\share\interpreter\linkResolver.cpp, line 774]
Event: 4.610 Thread 0x00000198ee5df330 Exception <a 'java/lang/NoSuchMethodError'{0x00000000a3fce760}: 'java.lang.Object java.lang.invoke.DirectMethodHandle$Holder.invokeSpecial(java.lang.Object, java.lang.Object, java.lang.Object, java.lang.Object, java.lang.Object, java.lang.Object, java.lang.Object, java.lang.Object, java.lang.Object, java.lang.Object, java.lang.Object, java.lang.Object, java.lang.Object)'> (0x00000000a3fce760) 
thrown [s\open\src\hotspot\share\interpreter\linkResolver.cpp, line 774]

ZGC Phase Switch (0 events):
No events

VM Operations (20 events):
Event: 3.825 Executing VM operation: G1PauseCleanup
Event: 3.828 Executing VM operation: G1PauseCleanup done
Event: 4.124 Executing VM operation: HandshakeAllThreads (Deoptimize)
Event: 4.124 Executing VM operation: HandshakeAllThreads (Deoptimize) done
Event: 4.208 Executing VM operation: HandshakeAllThreads (Deoptimize)
Event: 4.208 Executing VM operation: HandshakeAllThreads (Deoptimize) done
Event: 4.210 Executing VM operation: HandshakeAllThreads (Deoptimize)
Event: 4.210 Executing VM operation: HandshakeAllThreads (Deoptimize) done
Event: 4.322 Executing VM operation: HandshakeAllThreads (Deoptimize)
Event: 4.322 Executing VM operation: HandshakeAllThreads (Deoptimize) done
Event: 4.370 Executing VM operation: ICBufferFull
Event: 4.370 Executing VM operation: ICBufferFull done
Event: 4.410 Executing VM operation: HandshakeAllThreads (Deoptimize)
Event: 4.410 Executing VM operation: HandshakeAllThreads (Deoptimize) done
Event: 4.696 Executing VM operation: ICBufferFull
Event: 4.696 Executing VM operation: ICBufferFull done
Event: 5.709 Executing VM operation: Cleanup
Event: 5.709 Executing VM operation: Cleanup done
Event: 9.747 Executing VM operation: Cleanup
Event: 9.747 Executing VM operation: Cleanup done

Events (20 events):
Event: 0.034 Thread 0x00000198ee5df330 Thread added: 0x00000198ee5df330
Event: 0.050 Thread 0x00000198fb81a020 Thread added: 0x00000198fb81a020
Event: 0.050 Thread 0x00000198fb81ca90 Thread added: 0x00000198fb81ca90
Event: 0.050 Thread 0x00000198fb828420 Thread added: 0x00000198fb828420
Event: 0.050 Thread 0x00000198fb828e80 Thread added: 0x00000198fb828e80
Event: 0.050 Thread 0x00000198fb82abd0 Thread added: 0x00000198fb82abd0
Event: 0.050 Thread 0x00000198fb82b910 Thread added: 0x00000198fb82b910
Event: 0.050 Thread 0x00000198fb82dc00 Thread added: 0x00000198fb82dc00
Event: 0.051 Thread 0x00000198fb82eec0 Thread added: 0x00000198fb82eec0
Event: 0.065 Thread 0x00000198d42516d0 Thread added: 0x00000198d42516d0
Event: 0.068 Thread 0x00000198d4253560 Thread added: 0x00000198d4253560
Event: 0.113 Thread 0x00000198d42ef170 Thread added: 0x00000198d42ef170
Event: 0.296 Thread 0x00000198d43ad3f0 Thread added: 0x00000198d43ad3f0
Event: 0.309 Thread 0x00000198d4932e00 Thread added: 0x00000198d4932e00
Event: 2.322 Thread 0x00000198d42f27f0 Thread added: 0x00000198d42f27f0
Event: 2.473 Thread 0x00000198d612c910 Thread added: 0x00000198d612c910
Event: 2.482 Thread 0x00000198d612c910 Thread exited: 0x00000198d612c910
Event: 2.902 Thread 0x00000198d574dca0 Thread added: 0x00000198d574dca0
Event: 2.957 Thread 0x00000198d574dca0 Thread exited: 0x00000198d574dca0
Event: 4.546 Thread 0x00000198d7213710 Thread added: 0x00000198d7213710


Dynamic libraries:
0x00007ff68c580000 - 0x00007ff68c590000 	C:\Program Files\Java\jdk-22\bin\java.exe
0x00007ffea7340000 - 0x00007ffea75a9000 	C:\WINDOWS\SYSTEM32\ntdll.dll
0x00007ffea5ff0000 - 0x00007ffea60b9000 	C:\WINDOWS\System32\KERNEL32.DLL
0x00007ffea4670000 - 0x00007ffea4a63000 	C:\WINDOWS\System32\KERNELBASE.dll
0x00007ffea4e80000 - 0x00007ffea4fcb000 	C:\WINDOWS\System32\ucrtbase.dll
0x00007ffe66640000 - 0x00007ffe6665b000 	C:\Program Files\Java\jdk-22\bin\VCRUNTIME140.dll
0x00007ffe6feb0000 - 0x00007ffe6fec7000 	C:\Program Files\Java\jdk-22\bin\jli.dll
0x00007ffea5120000 - 0x00007ffea51d4000 	C:\WINDOWS\System32\ADVAPI32.dll
0x00007ffea6dd0000 - 0x00007ffea6e79000 	C:\WINDOWS\System32\msvcrt.dll
0x00007ffea5ac0000 - 0x00007ffea5b66000 	C:\WINDOWS\System32\sechost.dll
0x00007ffea6b70000 - 0x00007ffea6c88000 	C:\WINDOWS\System32\RPCRT4.dll
0x00007ffea69a0000 - 0x00007ffea6b64000 	C:\WINDOWS\System32\USER32.dll
0x00007ffea4640000 - 0x00007ffea4667000 	C:\WINDOWS\System32\win32u.dll
0x00007ffea6140000 - 0x00007ffea616b000 	C:\WINDOWS\System32\GDI32.dll
0x00007ffe90680000 - 0x00007ffe90913000 	C:\WINDOWS\WinSxS\amd64_microsoft.windows.common-controls_6595b64144ccf1df_6.0.26100.5074_none_3e0d6f78e32fd63f\COMCTL32.dll
0x00007ffea4d50000 - 0x00007ffea4e7d000 	C:\WINDOWS\System32\gdi32full.dll
0x00007ffea5060000 - 0x00007ffea5103000 	C:\WINDOWS\System32\msvcp_win.dll
0x00007ffe9c1c0000 - 0x00007ffe9c1cb000 	C:\WINDOWS\SYSTEM32\VERSION.dll
0x00007ffea5a80000 - 0x00007ffea5aaf000 	C:\WINDOWS\System32\IMM32.DLL
0x00007ffe6fea0000 - 0x00007ffe6feac000 	C:\Program Files\Java\jdk-22\bin\vcruntime140_1.dll
0x00007ffe665b0000 - 0x00007ffe6663e000 	C:\Program Files\Java\jdk-22\bin\msvcp140.dll
0x00007ffe11770000 - 0x00007ffe124b8000 	C:\Program Files\Java\jdk-22\bin\server\jvm.dll
0x00007ffea5990000 - 0x00007ffea5a04000 	C:\WINDOWS\System32\WS2_32.dll
0x00007ffea4330000 - 0x00007ffea438e000 	C:\WINDOWS\SYSTEM32\POWRPROF.dll
0x00007ffe9b5f0000 - 0x00007ffe9b625000 	C:\WINDOWS\SYSTEM32\WINMM.dll
0x00007ffea4310000 - 0x00007ffea4324000 	C:\WINDOWS\SYSTEM32\UMPDC.dll
0x00007ffea32b0000 - 0x00007ffea32cb000 	C:\WINDOWS\SYSTEM32\kernel.appcore.dll
0x00007ffe6e920000 - 0x00007ffe6e92a000 	C:\Program Files\Java\jdk-22\bin\jimage.dll
0x00007ffea1d30000 - 0x00007ffea1f72000 	C:\WINDOWS\SYSTEM32\DBGHELP.DLL
0x00007ffea5b70000 - 0x00007ffea5eeb000 	C:\WINDOWS\System32\combase.dll
0x00007ffea6cd0000 - 0x00007ffea6da7000 	C:\WINDOWS\System32\OLEAUT32.dll
0x00007ffe8ea70000 - 0x00007ffe8eaad000 	C:\WINDOWS\SYSTEM32\dbgcore.DLL
0x00007ffea4a70000 - 0x00007ffea4b09000 	C:\WINDOWS\System32\bcryptPrimitives.dll
0x00007ffe66590000 - 0x00007ffe665ae000 	C:\Program Files\Java\jdk-22\bin\java.dll
0x00007ffea5240000 - 0x00007ffea598d000 	C:\WINDOWS\System32\SHELL32.dll
0x00007ffea44d0000 - 0x00007ffea463c000 	C:\WINDOWS\System32\wintypes.dll
0x00007ffea6200000 - 0x00007ffea6398000 	C:\WINDOWS\System32\ole32.dll
0x00007ffea2120000 - 0x00007ffea2979000 	C:\WINDOWS\SYSTEM32\windows.storage.dll
0x00007ffea5ef0000 - 0x00007ffea5fe0000 	C:\WINDOWS\System32\SHCORE.dll
0x00007ffea5a10000 - 0x00007ffea5a72000 	C:\WINDOWS\System32\shlwapi.dll
0x00007ffea43f0000 - 0x00007ffea4419000 	C:\WINDOWS\SYSTEM32\profapi.dll
0x00007ffe649b0000 - 0x00007ffe64a87000 	C:\Program Files\Java\jdk-22\bin\jsvml.dll
0x00007ffe68840000 - 0x00007ffe68850000 	C:\Program Files\Java\jdk-22\bin\net.dll
0x00007ffea3830000 - 0x00007ffea389b000 	C:\WINDOWS\system32\mswsock.dll
0x00007ffe66570000 - 0x00007ffe66586000 	C:\Program Files\Java\jdk-22\bin\nio.dll
0x00007ffe66550000 - 0x00007ffe66567000 	C:\Program Files\Java\jdk-22\bin\zip.dll
0x00007ffe67e80000 - 0x00007ffe67e8a000 	C:\Program Files\Java\jdk-22\bin\management.dll
0x00007ffe66540000 - 0x00007ffe6654b000 	C:\Program Files\Java\jdk-22\bin\management_ext.dll
0x00007ffea51e0000 - 0x00007ffea51e8000 	C:\WINDOWS\System32\PSAPI.DLL
0x00007ffe66530000 - 0x00007ffe6653b000 	C:\Program Files\Java\jdk-22\bin\le.dll

dbghelp: loaded successfully - version: 4.0.5 - missing functions: none
symbol engine: initialized successfully - sym options: 0x614 - pdb path: .;C:\Program Files\Java\jdk-22\bin;C:\WINDOWS\SYSTEM32;C:\WINDOWS\WinSxS\amd64_microsoft.windows.common-controls_6595b64144ccf1df_6.0.26100.5074_none_3e0d6f78e32fd63f;C:\Program Files\Java\jdk-22\bin\server

VM Arguments:
java_command: C:\Users\Priscila\AppData\Local\Temp\surefire7368236351670056527\surefirebooter-20251011160348254_3.jar C:\Users\Priscila\AppData\Local\Temp\surefire7368236351670056527 2025-10-11T16-03-48_058-jvmRun1 surefire-20251011160348254_1tmp surefire_0-20251011160348254_2tmp
java_class_path (initial): C:\Users\Priscila\AppData\Local\Temp\surefire7368236351670056527\surefirebooter-20251011160348254_3.jar
Launcher Type: SUN_STANDARD

[Global flags]
     intx CICompilerCount                          = 4                                         {product} {ergonomic}
     uint ConcGCThreads                            = 3                                         {product} {ergonomic}
     uint G1ConcRefinementThreads                  = 10                                        {product} {ergonomic}
   size_t G1HeapRegionSize                         = 1048576                                   {product} {ergonomic}
   size_t InitialHeapSize                          = 98566144                                  {product} {ergonomic}
   size_t MarkStackSize                            = 4194304                                   {product} {ergonomic}
   size_t MaxHeapSize                              = 1574961152                                {product} {ergonomic}
   size_t MaxNewSize                               = 944766976                                 {product} {ergonomic}
   size_t MinHeapDeltaBytes                        = 1048576                                   {product} {ergonomic}
   size_t MinHeapSize                              = 8388608                                   {product} {ergonomic}
    uintx NonNMethodCodeHeapSize                   = 5839372                                {pd product} {ergonomic}
    uintx NonProfiledCodeHeapSize                  = 122909434                              {pd product} {ergonomic}
    uintx ProfiledCodeHeapSize                     = 122909434                              {pd product} {ergonomic}
    uintx ReservedCodeCacheSize                    = 251658240                              {pd product} {ergonomic}
     bool SegmentedCodeCache                       = true                                      {product} {ergonomic}
   size_t SoftMaxHeapSize                          = 1574961152                             {manageable} {ergonomic}
     bool UseCompressedOops                        = true                           {product lp64_product} {ergonomic}
     bool UseG1GC                                  = true                                      {product} {ergonomic}
     bool UseLargePagesIndividualAllocation        = false                                  {pd product} {ergonomic}

Logging:
Log output configuration:
 #0: stdout all=warning uptime,level,tags foldmultilines=false
 #1: stderr all=off uptime,level,tags foldmultilines=false

Environment Variables:
JAVA_HOME=C:\Program Files\Java\jdk-22
PATH=C:\Program Files\Java\jdk-22\bin;C:\Program Files\Common Files\Oracle\Java\javapath;C:\Program Files (x86)\Common Files\Oracle\Java\javapath;C:\WINDOWS\system32;C:\WINDOWS;C:\WINDOWS\System32\Wbem;C:\WINDOWS\System32\WindowsPowerShell\v1.0\;C:\WINDOWS\System32\OpenSSH\;C:\maven\bin;C:\Program Files\Git\cmd;C:\Program Files\Docker\Docker\resources\bin;C:\ProgramData\DockerDesktop\version-bin;C:\Program Files\nodejs\;C:\Users\Priscila\AppData\Local\Programs\Python\Python313\Scripts\;C:\Users\Priscila\AppData\Local\Programs\Python\Python313\;C:\Users\Priscila\AppData\Local\Programs\Python\Launcher\;C:\Users\Priscila\AppData\Local\Microsoft\WindowsApps;C:\Program Files\MongoDB\Server\6.0\bin;C:\Program Files\mongosh-1.8.2-win32-x64\bin;C:\Users\Priscila\AppData\Local\Programs\Microsoft VS Code\bin;C:\Program Files (x86)\Nmap;C:\Users\Priscila\AppData\Local\Microsoft\WinGet\Packages\Gyan.FFmpeg.Essentials_Microsoft.Winget.Source_8wekyb3d8bbwe\ffmpeg-8.0-essentials_build/bin;C:\Users\Priscila\AppData\Roaming\npm;C:\Program Files\nodejs;
USERNAME=Priscila
OS=Windows_NT
PROCESSOR_IDENTIFIER=AMD64 Family 23 Model 104 Stepping 1, AuthenticAMD
TMP=C:\Users\Priscila\AppData\Local\Temp
TEMP=C:\Users\Priscila\AppData\Local\Temp




Periodic native trim disabled

---------------  S Y S T E M  ---------------

OS:
 Windows 11 , 64 bit Build 26100 (10.0.26100.5074)
OS uptime: 6 days 22:43 hours
Hyper-V role detected

CPU: total 12 (initial active 12) (12 cores per cpu, 2 threads per core) family 23 model 104 stepping 1 microcode 0x8608102, cx8, cmov, fxsr, ht, mmx, 3dnowpref, sse, sse2, sse3, ssse3, sse4a, sse4.1, sse4.2, popcnt, lzcnt, tsc, tscinvbit, avx, avx2, aes, clmul, bmi1, bmi2, adx, sha, fma, vzeroupper, clflush, clflushopt, hv, rdtscp, rdpid, f16c
Processor Information for processor 0
  Max Mhz: 2100, Current Mhz: 1813, Mhz Limit: 2100
Processor Information for processor 1
  Max Mhz: 2100, Current Mhz: 2100, Mhz Limit: 2100
Processor Information for processor 2
  Max Mhz: 2100, Current Mhz: 2100, Mhz Limit: 2100
Processor Information for processor 3
  Max Mhz: 2100, Current Mhz: 1813, Mhz Limit: 2100
Processor Information for processor 4
  Max Mhz: 2100, Current Mhz: 1813, Mhz Limit: 2100
Processor Information for processor 5
  Max Mhz: 2100, Current Mhz: 2100, Mhz Limit: 2100
Processor Information for processor 6
  Max Mhz: 2100, Current Mhz: 1813, Mhz Limit: 2100
Processor Information for processor 7
  Max Mhz: 2100, Current Mhz: 1813, Mhz Limit: 2100
Processor Information for processor 8
  Max Mhz: 2100, Current Mhz: 1813, Mhz Limit: 2100
Processor Information for processor 9
  Max Mhz: 2100, Current Mhz: 1813, Mhz Limit: 2100
Processor Information for processor 10
  Max Mhz: 2100, Current Mhz: 1813, Mhz Limit: 2100
Processor Information for processor 11
  Max Mhz: 2100, Current Mhz: 1813, Mhz Limit: 2100

Memory: 4k page, system-wide physical 6005M (462M free)
TotalPageFile size 24437M (AvailPageFile size 0M)
current process WorkingSet (physical memory assigned to process): 183M, peak: 183M
current process commit charge ("private bytes"): 231M, peak: 248M

vm_info: Java HotSpot(TM) 64-Bit Server VM (22+36-2370) for windows-amd64 JRE (22+36-2370), built on 2024-02-15T22:15:19Z by "mach5one" with MS VC++ 17.6 (VS2022)

END.
